2016-10-27 11:36:50,493 [main] INFO  com.celera.ipc.PipelineClient.connect(PipelineClient.java:62) - connect pull tcp://127.0.0.1:11001
2016-10-27 11:36:50,498 [main] INFO  com.celera.ipc.PipelineClient.connect(PipelineClient.java:63) - connect sink tcp://127.0.0.1:11002
2016-10-27 11:36:50,499 [main] DEBUG com.celera.backoffice.BOServiceManager.main(BOServiceManager.java:109) - sleep 10000
2016-10-27 11:36:50,499 [pool-1-thread-1] INFO  com.celera.ipc.PipelineClient.run(PipelineClient.java:74) - start
2016-10-27 11:36:50,504 [pool-1-thread-1] INFO  com.celera.backoffice.BOServiceManager.onMessage(BOServiceManager.java:54) - onMessage [87, 65, 84, 69, 65, 108, 97, 115, 107, 97, 50, 48, 49, 54, 49, 48, 48, 49, 50, 48, 49, 54, 49, 48, 50, 55]
2016-10-27 11:37:00,500 [main] DEBUG com.celera.backoffice.BOServiceManager.main(BOServiceManager.java:109) - sleep 10000
2016-10-27 11:37:10,500 [main] DEBUG com.celera.backoffice.BOServiceManager.main(BOServiceManager.java:109) - sleep 10000
2016-10-27 11:37:20,501 [main] DEBUG com.celera.backoffice.BOServiceManager.main(BOServiceManager.java:109) - sleep 10000
2016-10-27 11:37:30,502 [main] DEBUG com.celera.backoffice.BOServiceManager.main(BOServiceManager.java:109) - sleep 10000
2016-10-27 11:37:40,504 [main] DEBUG com.celera.backoffice.BOServiceManager.main(BOServiceManager.java:109) - sleep 10000
2016-10-27 11:37:50,505 [main] DEBUG com.celera.backoffice.BOServiceManager.main(BOServiceManager.java:109) - sleep 10000
2016-10-27 11:38:00,509 [main] DEBUG com.celera.backoffice.BOServiceManager.main(BOServiceManager.java:109) - sleep 10000
2016-10-27 11:38:10,510 [main] DEBUG com.celera.backoffice.BOServiceManager.main(BOServiceManager.java:109) - sleep 10000
2016-10-27 11:38:20,512 [main] DEBUG com.celera.backoffice.BOServiceManager.main(BOServiceManager.java:109) - sleep 10000
2016-10-27 11:38:30,512 [main] DEBUG com.celera.backoffice.BOServiceManager.main(BOServiceManager.java:109) - sleep 10000
2016-10-27 11:38:40,513 [main] DEBUG com.celera.backoffice.BOServiceManager.main(BOServiceManager.java:109) - sleep 10000
2016-10-27 11:38:50,514 [main] DEBUG com.celera.backoffice.BOServiceManager.main(BOServiceManager.java:109) - sleep 10000
2016-10-27 11:39:00,517 [main] DEBUG com.celera.backoffice.BOServiceManager.main(BOServiceManager.java:109) - sleep 10000
2016-10-27 11:39:10,518 [main] DEBUG com.celera.backoffice.BOServiceManager.main(BOServiceManager.java:109) - sleep 10000
2016-10-27 11:39:20,520 [main] DEBUG com.celera.backoffice.BOServiceManager.main(BOServiceManager.java:109) - sleep 10000
2016-10-27 11:39:30,520 [main] DEBUG com.celera.backoffice.BOServiceManager.main(BOServiceManager.java:109) - sleep 10000
2016-10-27 11:39:40,521 [main] DEBUG com.celera.backoffice.BOServiceManager.main(BOServiceManager.java:109) - sleep 10000
2016-10-27 11:39:50,522 [main] DEBUG com.celera.backoffice.BOServiceManager.main(BOServiceManager.java:109) - sleep 10000
2016-10-27 11:40:00,524 [main] DEBUG com.celera.backoffice.BOServiceManager.main(BOServiceManager.java:109) - sleep 10000
2016-10-27 11:40:10,526 [main] DEBUG com.celera.backoffice.BOServiceManager.main(BOServiceManager.java:109) - sleep 10000
2016-10-27 11:40:20,527 [main] DEBUG com.celera.backoffice.BOServiceManager.main(BOServiceManager.java:109) - sleep 10000
2016-10-27 11:40:30,529 [main] DEBUG com.celera.backoffice.BOServiceManager.main(BOServiceManager.java:109) - sleep 10000
2016-10-27 11:40:40,530 [main] DEBUG com.celera.backoffice.BOServiceManager.main(BOServiceManager.java:109) - sleep 10000
2016-10-27 11:40:50,533 [main] DEBUG com.celera.backoffice.BOServiceManager.main(BOServiceManager.java:109) - sleep 10000
2016-10-27 11:41:00,535 [main] DEBUG com.celera.backoffice.BOServiceManager.main(BOServiceManager.java:109) - sleep 10000
2016-10-27 11:41:10,538 [main] DEBUG com.celera.backoffice.BOServiceManager.main(BOServiceManager.java:109) - sleep 10000
2016-10-27 11:41:20,541 [main] DEBUG com.celera.backoffice.BOServiceManager.main(BOServiceManager.java:109) - sleep 10000
2016-10-27 11:41:30,542 [main] DEBUG com.celera.backoffice.BOServiceManager.main(BOServiceManager.java:109) - sleep 10000
2016-10-27 11:41:40,543 [main] DEBUG com.celera.backoffice.BOServiceManager.main(BOServiceManager.java:109) - sleep 10000
2016-10-27 11:41:50,544 [main] DEBUG com.celera.backoffice.BOServiceManager.main(BOServiceManager.java:109) - sleep 10000
2016-10-27 11:42:00,545 [main] DEBUG com.celera.backoffice.BOServiceManager.main(BOServiceManager.java:109) - sleep 10000
2016-10-27 11:42:10,546 [main] DEBUG com.celera.backoffice.BOServiceManager.main(BOServiceManager.java:109) - sleep 10000
2016-10-27 11:42:20,547 [main] DEBUG com.celera.backoffice.BOServiceManager.main(BOServiceManager.java:109) - sleep 10000
2016-10-27 11:42:30,547 [main] DEBUG com.celera.backoffice.BOServiceManager.main(BOServiceManager.java:109) - sleep 10000
2016-10-27 11:42:40,549 [main] DEBUG com.celera.backoffice.BOServiceManager.main(BOServiceManager.java:109) - sleep 10000
2016-10-27 11:42:50,549 [main] DEBUG com.celera.backoffice.BOServiceManager.main(BOServiceManager.java:109) - sleep 10000
2016-10-27 11:43:00,551 [main] DEBUG com.celera.backoffice.BOServiceManager.main(BOServiceManager.java:109) - sleep 10000
2016-10-27 11:43:10,552 [main] DEBUG com.celera.backoffice.BOServiceManager.main(BOServiceManager.java:109) - sleep 10000
2016-10-27 11:43:20,555 [main] DEBUG com.celera.backoffice.BOServiceManager.main(BOServiceManager.java:109) - sleep 10000
2016-10-27 11:43:30,556 [main] DEBUG com.celera.backoffice.BOServiceManager.main(BOServiceManager.java:109) - sleep 10000
2016-10-27 11:43:40,558 [main] DEBUG com.celera.backoffice.BOServiceManager.main(BOServiceManager.java:109) - sleep 10000
2016-10-27 11:43:50,558 [main] DEBUG com.celera.backoffice.BOServiceManager.main(BOServiceManager.java:109) - sleep 10000
2016-10-27 11:44:00,559 [main] DEBUG com.celera.backoffice.BOServiceManager.main(BOServiceManager.java:109) - sleep 10000
2016-10-27 11:44:10,559 [main] DEBUG com.celera.backoffice.BOServiceManager.main(BOServiceManager.java:109) - sleep 10000
2016-10-27 11:44:20,560 [main] DEBUG com.celera.backoffice.BOServiceManager.main(BOServiceManager.java:109) - sleep 10000
2016-10-27 11:44:30,562 [main] DEBUG com.celera.backoffice.BOServiceManager.main(BOServiceManager.java:109) - sleep 10000
2016-10-27 11:44:40,563 [main] DEBUG com.celera.backoffice.BOServiceManager.main(BOServiceManager.java:109) - sleep 10000
2016-10-27 11:44:50,564 [main] DEBUG com.celera.backoffice.BOServiceManager.main(BOServiceManager.java:109) - sleep 10000
2016-10-27 11:45:00,565 [main] DEBUG com.celera.backoffice.BOServiceManager.main(BOServiceManager.java:109) - sleep 10000
2016-10-27 11:45:10,568 [main] DEBUG com.celera.backoffice.BOServiceManager.main(BOServiceManager.java:109) - sleep 10000
2016-10-27 11:45:20,569 [main] DEBUG com.celera.backoffice.BOServiceManager.main(BOServiceManager.java:109) - sleep 10000
2016-10-27 11:45:30,570 [main] DEBUG com.celera.backoffice.BOServiceManager.main(BOServiceManager.java:109) - sleep 10000
2016-10-27 11:45:40,571 [main] DEBUG com.celera.backoffice.BOServiceManager.main(BOServiceManager.java:109) - sleep 10000
2016-10-27 11:45:50,571 [main] DEBUG com.celera.backoffice.BOServiceManager.main(BOServiceManager.java:109) - sleep 10000
2016-10-27 11:46:00,572 [main] DEBUG com.celera.backoffice.BOServiceManager.main(BOServiceManager.java:109) - sleep 10000
2016-10-27 11:46:10,574 [main] DEBUG com.celera.backoffice.BOServiceManager.main(BOServiceManager.java:109) - sleep 10000
2016-10-27 11:46:20,575 [main] DEBUG com.celera.backoffice.BOServiceManager.main(BOServiceManager.java:109) - sleep 10000
2016-10-27 11:46:30,577 [main] DEBUG com.celera.backoffice.BOServiceManager.main(BOServiceManager.java:109) - sleep 10000
2016-10-27 11:46:40,581 [main] DEBUG com.celera.backoffice.BOServiceManager.main(BOServiceManager.java:109) - sleep 10000
2016-10-27 11:46:50,582 [main] DEBUG com.celera.backoffice.BOServiceManager.main(BOServiceManager.java:109) - sleep 10000
2016-10-27 11:47:00,584 [main] DEBUG com.celera.backoffice.BOServiceManager.main(BOServiceManager.java:109) - sleep 10000
2016-10-27 11:47:10,585 [main] DEBUG com.celera.backoffice.BOServiceManager.main(BOServiceManager.java:109) - sleep 10000
2016-10-27 11:47:20,587 [main] DEBUG com.celera.backoffice.BOServiceManager.main(BOServiceManager.java:109) - sleep 10000
2016-10-27 11:47:30,589 [main] DEBUG com.celera.backoffice.BOServiceManager.main(BOServiceManager.java:109) - sleep 10000
2016-10-27 11:47:40,590 [main] DEBUG com.celera.backoffice.BOServiceManager.main(BOServiceManager.java:109) - sleep 10000
2016-10-27 11:47:50,591 [main] DEBUG com.celera.backoffice.BOServiceManager.main(BOServiceManager.java:109) - sleep 10000
2016-10-27 11:48:00,595 [main] DEBUG com.celera.backoffice.BOServiceManager.main(BOServiceManager.java:109) - sleep 10000
2016-10-27 11:48:10,596 [main] DEBUG com.celera.backoffice.BOServiceManager.main(BOServiceManager.java:109) - sleep 10000
2016-10-27 11:48:20,596 [main] DEBUG com.celera.backoffice.BOServiceManager.main(BOServiceManager.java:109) - sleep 10000
2016-10-27 11:48:30,598 [main] DEBUG com.celera.backoffice.BOServiceManager.main(BOServiceManager.java:109) - sleep 10000
2016-10-27 11:48:40,598 [main] DEBUG com.celera.backoffice.BOServiceManager.main(BOServiceManager.java:109) - sleep 10000
2016-10-27 11:48:50,599 [main] DEBUG com.celera.backoffice.BOServiceManager.main(BOServiceManager.java:109) - sleep 10000
2016-10-27 11:49:00,600 [main] DEBUG com.celera.backoffice.BOServiceManager.main(BOServiceManager.java:109) - sleep 10000
2016-10-27 11:49:10,601 [main] DEBUG com.celera.backoffice.BOServiceManager.main(BOServiceManager.java:109) - sleep 10000
2016-10-27 11:49:20,602 [main] DEBUG com.celera.backoffice.BOServiceManager.main(BOServiceManager.java:109) - sleep 10000
2016-10-27 11:49:30,602 [main] DEBUG com.celera.backoffice.BOServiceManager.main(BOServiceManager.java:109) - sleep 10000
2016-10-27 11:49:40,604 [main] DEBUG com.celera.backoffice.BOServiceManager.main(BOServiceManager.java:109) - sleep 10000
2016-10-27 11:49:50,605 [main] DEBUG com.celera.backoffice.BOServiceManager.main(BOServiceManager.java:109) - sleep 10000
2016-10-27 11:50:00,606 [main] DEBUG com.celera.backoffice.BOServiceManager.main(BOServiceManager.java:109) - sleep 10000
2016-10-27 11:50:10,607 [main] DEBUG com.celera.backoffice.BOServiceManager.main(BOServiceManager.java:109) - sleep 10000
2016-10-27 11:50:20,608 [main] DEBUG com.celera.backoffice.BOServiceManager.main(BOServiceManager.java:109) - sleep 10000
2016-10-27 11:50:30,609 [main] DEBUG com.celera.backoffice.BOServiceManager.main(BOServiceManager.java:109) - sleep 10000
2016-10-27 11:50:40,610 [main] DEBUG com.celera.backoffice.BOServiceManager.main(BOServiceManager.java:109) - sleep 10000
2016-10-27 11:50:50,610 [main] DEBUG com.celera.backoffice.BOServiceManager.main(BOServiceManager.java:109) - sleep 10000
2016-10-27 11:51:00,611 [main] DEBUG com.celera.backoffice.BOServiceManager.main(BOServiceManager.java:109) - sleep 10000
2016-10-27 11:51:10,612 [main] DEBUG com.celera.backoffice.BOServiceManager.main(BOServiceManager.java:109) - sleep 10000
2016-10-27 11:51:20,613 [main] DEBUG com.celera.backoffice.BOServiceManager.main(BOServiceManager.java:109) - sleep 10000
2016-10-27 11:51:30,614 [main] DEBUG com.celera.backoffice.BOServiceManager.main(BOServiceManager.java:109) - sleep 10000
2016-10-27 11:51:40,615 [main] DEBUG com.celera.backoffice.BOServiceManager.main(BOServiceManager.java:109) - sleep 10000
2016-10-27 11:51:50,616 [main] DEBUG com.celera.backoffice.BOServiceManager.main(BOServiceManager.java:109) - sleep 10000
2016-10-27 11:52:00,618 [main] DEBUG com.celera.backoffice.BOServiceManager.main(BOServiceManager.java:109) - sleep 10000
2016-10-27 11:52:10,619 [main] DEBUG com.celera.backoffice.BOServiceManager.main(BOServiceManager.java:109) - sleep 10000
2016-10-27 11:52:20,620 [main] DEBUG com.celera.backoffice.BOServiceManager.main(BOServiceManager.java:109) - sleep 10000
2016-10-27 11:52:30,621 [main] DEBUG com.celera.backoffice.BOServiceManager.main(BOServiceManager.java:109) - sleep 10000
2016-10-27 11:52:40,622 [main] DEBUG com.celera.backoffice.BOServiceManager.main(BOServiceManager.java:109) - sleep 10000
2016-10-27 11:52:50,623 [main] DEBUG com.celera.backoffice.BOServiceManager.main(BOServiceManager.java:109) - sleep 10000
2016-10-27 11:53:00,624 [main] DEBUG com.celera.backoffice.BOServiceManager.main(BOServiceManager.java:109) - sleep 10000
2016-10-27 11:53:10,625 [main] DEBUG com.celera.backoffice.BOServiceManager.main(BOServiceManager.java:109) - sleep 10000
2016-10-27 11:53:20,626 [main] DEBUG com.celera.backoffice.BOServiceManager.main(BOServiceManager.java:109) - sleep 10000
2016-10-27 11:53:30,628 [main] DEBUG com.celera.backoffice.BOServiceManager.main(BOServiceManager.java:109) - sleep 10000
2016-10-27 11:53:40,630 [main] DEBUG com.celera.backoffice.BOServiceManager.main(BOServiceManager.java:109) - sleep 10000
2016-10-27 11:53:50,632 [main] DEBUG com.celera.backoffice.BOServiceManager.main(BOServiceManager.java:109) - sleep 10000
2016-10-27 11:54:00,634 [main] DEBUG com.celera.backoffice.BOServiceManager.main(BOServiceManager.java:109) - sleep 10000
2016-10-27 11:54:10,635 [main] DEBUG com.celera.backoffice.BOServiceManager.main(BOServiceManager.java:109) - sleep 10000
2016-10-27 11:54:20,636 [main] DEBUG com.celera.backoffice.BOServiceManager.main(BOServiceManager.java:109) - sleep 10000
2016-10-27 11:54:30,637 [main] DEBUG com.celera.backoffice.BOServiceManager.main(BOServiceManager.java:109) - sleep 10000
2016-10-27 11:54:40,637 [main] DEBUG com.celera.backoffice.BOServiceManager.main(BOServiceManager.java:109) - sleep 10000
2016-10-27 11:54:50,638 [main] DEBUG com.celera.backoffice.BOServiceManager.main(BOServiceManager.java:109) - sleep 10000
2016-10-27 11:55:00,638 [main] DEBUG com.celera.backoffice.BOServiceManager.main(BOServiceManager.java:109) - sleep 10000
2016-10-27 11:55:10,640 [main] DEBUG com.celera.backoffice.BOServiceManager.main(BOServiceManager.java:109) - sleep 10000
2016-10-27 11:55:20,641 [main] DEBUG com.celera.backoffice.BOServiceManager.main(BOServiceManager.java:109) - sleep 10000
2016-10-27 11:55:30,643 [main] DEBUG com.celera.backoffice.BOServiceManager.main(BOServiceManager.java:109) - sleep 10000
2016-10-27 11:55:40,643 [main] DEBUG com.celera.backoffice.BOServiceManager.main(BOServiceManager.java:109) - sleep 10000
2016-10-27 11:55:50,645 [main] DEBUG com.celera.backoffice.BOServiceManager.main(BOServiceManager.java:109) - sleep 10000
2016-10-27 11:56:00,645 [main] DEBUG com.celera.backoffice.BOServiceManager.main(BOServiceManager.java:109) - sleep 10000
2016-10-27 11:56:10,646 [main] DEBUG com.celera.backoffice.BOServiceManager.main(BOServiceManager.java:109) - sleep 10000
2016-10-27 11:56:20,651 [main] DEBUG com.celera.backoffice.BOServiceManager.main(BOServiceManager.java:109) - sleep 10000
2016-10-27 11:56:30,651 [main] DEBUG com.celera.backoffice.BOServiceManager.main(BOServiceManager.java:109) - sleep 10000
2016-10-27 11:56:40,652 [main] DEBUG com.celera.backoffice.BOServiceManager.main(BOServiceManager.java:109) - sleep 10000
2016-10-27 11:56:50,653 [main] DEBUG com.celera.backoffice.BOServiceManager.main(BOServiceManager.java:109) - sleep 10000
2016-10-27 11:57:00,653 [main] DEBUG com.celera.backoffice.BOServiceManager.main(BOServiceManager.java:109) - sleep 10000
2016-10-27 11:57:10,654 [main] DEBUG com.celera.backoffice.BOServiceManager.main(BOServiceManager.java:109) - sleep 10000
2016-10-27 11:57:20,655 [main] DEBUG com.celera.backoffice.BOServiceManager.main(BOServiceManager.java:109) - sleep 10000
2016-10-27 11:57:30,656 [main] DEBUG com.celera.backoffice.BOServiceManager.main(BOServiceManager.java:109) - sleep 10000
2016-10-27 11:57:40,660 [main] DEBUG com.celera.backoffice.BOServiceManager.main(BOServiceManager.java:109) - sleep 10000
2016-10-27 11:57:50,662 [main] DEBUG com.celera.backoffice.BOServiceManager.main(BOServiceManager.java:109) - sleep 10000
2016-10-27 11:58:00,664 [main] DEBUG com.celera.backoffice.BOServiceManager.main(BOServiceManager.java:109) - sleep 10000
2016-10-27 11:58:10,667 [main] DEBUG com.celera.backoffice.BOServiceManager.main(BOServiceManager.java:109) - sleep 10000
2016-10-27 11:58:20,668 [main] DEBUG com.celera.backoffice.BOServiceManager.main(BOServiceManager.java:109) - sleep 10000
2016-10-27 11:58:30,669 [main] DEBUG com.celera.backoffice.BOServiceManager.main(BOServiceManager.java:109) - sleep 10000
2016-10-27 11:58:40,669 [main] DEBUG com.celera.backoffice.BOServiceManager.main(BOServiceManager.java:109) - sleep 10000
2016-10-27 11:58:50,672 [main] DEBUG com.celera.backoffice.BOServiceManager.main(BOServiceManager.java:109) - sleep 10000
2016-10-27 11:59:00,675 [main] DEBUG com.celera.backoffice.BOServiceManager.main(BOServiceManager.java:109) - sleep 10000
2016-10-27 11:59:10,676 [main] DEBUG com.celera.backoffice.BOServiceManager.main(BOServiceManager.java:109) - sleep 10000
2016-10-27 11:59:20,676 [main] DEBUG com.celera.backoffice.BOServiceManager.main(BOServiceManager.java:109) - sleep 10000
2016-10-27 11:59:30,678 [main] DEBUG com.celera.backoffice.BOServiceManager.main(BOServiceManager.java:109) - sleep 10000
2016-10-27 11:59:40,679 [main] DEBUG com.celera.backoffice.BOServiceManager.main(BOServiceManager.java:109) - sleep 10000
2016-10-27 11:59:50,680 [main] DEBUG com.celera.backoffice.BOServiceManager.main(BOServiceManager.java:109) - sleep 10000
2016-10-27 12:00:00,681 [main] DEBUG com.celera.backoffice.BOServiceManager.main(BOServiceManager.java:109) - sleep 10000
2016-10-27 12:00:10,682 [main] DEBUG com.celera.backoffice.BOServiceManager.main(BOServiceManager.java:109) - sleep 10000
2016-10-27 12:00:20,683 [main] DEBUG com.celera.backoffice.BOServiceManager.main(BOServiceManager.java:109) - sleep 10000
2016-10-27 12:00:30,684 [main] DEBUG com.celera.backoffice.BOServiceManager.main(BOServiceManager.java:109) - sleep 10000
2016-10-27 12:00:40,686 [main] DEBUG com.celera.backoffice.BOServiceManager.main(BOServiceManager.java:109) - sleep 10000
2016-10-27 12:00:50,687 [main] DEBUG com.celera.backoffice.BOServiceManager.main(BOServiceManager.java:109) - sleep 10000
2016-10-27 12:01:00,688 [main] DEBUG com.celera.backoffice.BOServiceManager.main(BOServiceManager.java:109) - sleep 10000
2016-10-27 12:01:10,690 [main] DEBUG com.celera.backoffice.BOServiceManager.main(BOServiceManager.java:109) - sleep 10000
2016-10-27 12:01:20,691 [main] DEBUG com.celera.backoffice.BOServiceManager.main(BOServiceManager.java:109) - sleep 10000
2016-10-27 12:01:30,692 [main] DEBUG com.celera.backoffice.BOServiceManager.main(BOServiceManager.java:109) - sleep 10000
2016-10-27 12:01:40,693 [main] DEBUG com.celera.backoffice.BOServiceManager.main(BOServiceManager.java:109) - sleep 10000
2016-10-27 12:01:50,695 [main] DEBUG com.celera.backoffice.BOServiceManager.main(BOServiceManager.java:109) - sleep 10000
2016-10-27 12:02:00,695 [main] DEBUG com.celera.backoffice.BOServiceManager.main(BOServiceManager.java:109) - sleep 10000
2016-10-27 12:02:10,696 [main] DEBUG com.celera.backoffice.BOServiceManager.main(BOServiceManager.java:109) - sleep 10000
2016-10-27 12:02:20,696 [main] DEBUG com.celera.backoffice.BOServiceManager.main(BOServiceManager.java:109) - sleep 10000
2016-10-27 12:02:30,697 [main] DEBUG com.celera.backoffice.BOServiceManager.main(BOServiceManager.java:109) - sleep 10000
2016-10-27 12:02:40,698 [main] DEBUG com.celera.backoffice.BOServiceManager.main(BOServiceManager.java:109) - sleep 10000
2016-10-27 12:02:50,699 [main] DEBUG com.celera.backoffice.BOServiceManager.main(BOServiceManager.java:109) - sleep 10000
2016-10-27 12:03:00,700 [main] DEBUG com.celera.backoffice.BOServiceManager.main(BOServiceManager.java:109) - sleep 10000
2016-10-27 12:03:10,702 [main] DEBUG com.celera.backoffice.BOServiceManager.main(BOServiceManager.java:109) - sleep 10000
2016-10-27 12:03:20,705 [main] DEBUG com.celera.backoffice.BOServiceManager.main(BOServiceManager.java:109) - sleep 10000
2016-10-27 12:03:30,705 [main] DEBUG com.celera.backoffice.BOServiceManager.main(BOServiceManager.java:109) - sleep 10000
2016-10-27 12:03:40,706 [main] DEBUG com.celera.backoffice.BOServiceManager.main(BOServiceManager.java:109) - sleep 10000
2016-10-27 12:03:50,707 [main] DEBUG com.celera.backoffice.BOServiceManager.main(BOServiceManager.java:109) - sleep 10000
2016-10-27 12:04:00,707 [main] DEBUG com.celera.backoffice.BOServiceManager.main(BOServiceManager.java:109) - sleep 10000
2016-10-27 12:04:10,712 [main] DEBUG com.celera.backoffice.BOServiceManager.main(BOServiceManager.java:109) - sleep 10000
2016-10-27 12:04:20,712 [main] DEBUG com.celera.backoffice.BOServiceManager.main(BOServiceManager.java:109) - sleep 10000
2016-10-27 12:04:30,714 [main] DEBUG com.celera.backoffice.BOServiceManager.main(BOServiceManager.java:109) - sleep 10000
2016-10-27 12:04:40,715 [main] DEBUG com.celera.backoffice.BOServiceManager.main(BOServiceManager.java:109) - sleep 10000
2016-10-27 12:04:50,715 [main] DEBUG com.celera.backoffice.BOServiceManager.main(BOServiceManager.java:109) - sleep 10000
2016-10-27 12:05:00,717 [main] DEBUG com.celera.backoffice.BOServiceManager.main(BOServiceManager.java:109) - sleep 10000
2016-10-27 12:05:10,718 [main] DEBUG com.celera.backoffice.BOServiceManager.main(BOServiceManager.java:109) - sleep 10000
2016-10-27 12:05:20,718 [main] DEBUG com.celera.backoffice.BOServiceManager.main(BOServiceManager.java:109) - sleep 10000
2016-10-27 12:05:30,720 [main] DEBUG com.celera.backoffice.BOServiceManager.main(BOServiceManager.java:109) - sleep 10000
2016-10-27 12:05:40,720 [main] DEBUG com.celera.backoffice.BOServiceManager.main(BOServiceManager.java:109) - sleep 10000
2016-10-27 12:05:50,721 [main] DEBUG com.celera.backoffice.BOServiceManager.main(BOServiceManager.java:109) - sleep 10000
2016-10-27 12:06:00,722 [main] DEBUG com.celera.backoffice.BOServiceManager.main(BOServiceManager.java:109) - sleep 10000
2016-10-27 12:06:10,723 [main] DEBUG com.celera.backoffice.BOServiceManager.main(BOServiceManager.java:109) - sleep 10000
2016-10-27 12:06:20,724 [main] DEBUG com.celera.backoffice.BOServiceManager.main(BOServiceManager.java:109) - sleep 10000
2016-10-27 12:06:30,724 [main] DEBUG com.celera.backoffice.BOServiceManager.main(BOServiceManager.java:109) - sleep 10000
2016-10-27 12:06:40,725 [main] DEBUG com.celera.backoffice.BOServiceManager.main(BOServiceManager.java:109) - sleep 10000
2016-10-27 12:06:50,726 [main] DEBUG com.celera.backoffice.BOServiceManager.main(BOServiceManager.java:109) - sleep 10000
2016-10-27 12:07:00,726 [main] DEBUG com.celera.backoffice.BOServiceManager.main(BOServiceManager.java:109) - sleep 10000
2016-10-27 12:07:10,727 [main] DEBUG com.celera.backoffice.BOServiceManager.main(BOServiceManager.java:109) - sleep 10000
2016-10-27 12:07:20,728 [main] DEBUG com.celera.backoffice.BOServiceManager.main(BOServiceManager.java:109) - sleep 10000
2016-10-27 12:07:30,728 [main] DEBUG com.celera.backoffice.BOServiceManager.main(BOServiceManager.java:109) - sleep 10000
2016-10-27 12:07:40,732 [main] DEBUG com.celera.backoffice.BOServiceManager.main(BOServiceManager.java:109) - sleep 10000
2016-10-27 12:07:50,734 [main] DEBUG com.celera.backoffice.BOServiceManager.main(BOServiceManager.java:109) - sleep 10000
2016-10-27 12:08:00,735 [main] DEBUG com.celera.backoffice.BOServiceManager.main(BOServiceManager.java:109) - sleep 10000
2016-10-27 12:08:10,736 [main] DEBUG com.celera.backoffice.BOServiceManager.main(BOServiceManager.java:109) - sleep 10000
2016-10-27 12:08:20,741 [main] DEBUG com.celera.backoffice.BOServiceManager.main(BOServiceManager.java:109) - sleep 10000
2016-10-27 12:08:30,741 [main] DEBUG com.celera.backoffice.BOServiceManager.main(BOServiceManager.java:109) - sleep 10000
2016-10-27 12:08:40,742 [main] DEBUG com.celera.backoffice.BOServiceManager.main(BOServiceManager.java:109) - sleep 10000
2016-10-27 12:08:50,743 [main] DEBUG com.celera.backoffice.BOServiceManager.main(BOServiceManager.java:109) - sleep 10000
2016-10-27 12:09:00,743 [main] DEBUG com.celera.backoffice.BOServiceManager.main(BOServiceManager.java:109) - sleep 10000
2016-10-27 12:09:10,744 [main] DEBUG com.celera.backoffice.BOServiceManager.main(BOServiceManager.java:109) - sleep 10000
2016-10-27 12:09:20,745 [main] DEBUG com.celera.backoffice.BOServiceManager.main(BOServiceManager.java:109) - sleep 10000
2016-10-27 12:09:30,745 [main] DEBUG com.celera.backoffice.BOServiceManager.main(BOServiceManager.java:109) - sleep 10000
2016-10-27 12:09:40,746 [main] DEBUG com.celera.backoffice.BOServiceManager.main(BOServiceManager.java:109) - sleep 10000
2016-10-27 12:09:49,782 [pool-1-thread-1] INFO  com.celera.backoffice.BOServiceManager.onMessage(BOServiceManager.java:54) - onMessage [87, 65, 84, 69, 50, 48, 49, 54, 49, 48, 48, 49, 50, 48, 49, 54, 49, 48, 50, 55, 67, 97, 110, 99, 101, 108]
2016-10-27 12:09:50,747 [main] DEBUG com.celera.backoffice.BOServiceManager.main(BOServiceManager.java:109) - sleep 10000
2016-10-27 12:10:00,748 [main] DEBUG com.celera.backoffice.BOServiceManager.main(BOServiceManager.java:109) - sleep 10000
2016-10-27 12:10:10,749 [main] DEBUG com.celera.backoffice.BOServiceManager.main(BOServiceManager.java:109) - sleep 10000
2016-10-27 12:10:20,749 [main] DEBUG com.celera.backoffice.BOServiceManager.main(BOServiceManager.java:109) - sleep 10000
2016-10-27 12:10:30,750 [main] DEBUG com.celera.backoffice.BOServiceManager.main(BOServiceManager.java:109) - sleep 10000
2016-10-27 12:10:40,751 [main] DEBUG com.celera.backoffice.BOServiceManager.main(BOServiceManager.java:109) - sleep 10000
2016-10-27 12:10:50,753 [main] DEBUG com.celera.backoffice.BOServiceManager.main(BOServiceManager.java:109) - sleep 10000
2016-10-27 12:11:00,753 [main] DEBUG com.celera.backoffice.BOServiceManager.main(BOServiceManager.java:109) - sleep 10000
2016-10-27 12:11:10,754 [main] DEBUG com.celera.backoffice.BOServiceManager.main(BOServiceManager.java:109) - sleep 10000
2016-10-27 12:11:20,757 [main] DEBUG com.celera.backoffice.BOServiceManager.main(BOServiceManager.java:109) - sleep 10000
2016-10-27 12:11:30,757 [main] DEBUG com.celera.backoffice.BOServiceManager.main(BOServiceManager.java:109) - sleep 10000
2016-10-27 12:11:40,758 [main] DEBUG com.celera.backoffice.BOServiceManager.main(BOServiceManager.java:109) - sleep 10000
2016-10-27 12:11:50,759 [main] DEBUG com.celera.backoffice.BOServiceManager.main(BOServiceManager.java:109) - sleep 10000
2016-10-27 12:12:00,760 [main] DEBUG com.celera.backoffice.BOServiceManager.main(BOServiceManager.java:109) - sleep 10000
2016-10-27 12:12:10,760 [main] DEBUG com.celera.backoffice.BOServiceManager.main(BOServiceManager.java:109) - sleep 10000
2016-10-27 12:12:20,761 [main] DEBUG com.celera.backoffice.BOServiceManager.main(BOServiceManager.java:109) - sleep 10000
2016-10-27 12:12:30,761 [main] DEBUG com.celera.backoffice.BOServiceManager.main(BOServiceManager.java:109) - sleep 10000
2016-10-27 12:12:40,763 [main] DEBUG com.celera.backoffice.BOServiceManager.main(BOServiceManager.java:109) - sleep 10000
2016-10-27 12:12:50,763 [main] DEBUG com.celera.backoffice.BOServiceManager.main(BOServiceManager.java:109) - sleep 10000
2016-10-27 12:13:00,764 [main] DEBUG com.celera.backoffice.BOServiceManager.main(BOServiceManager.java:109) - sleep 10000
2016-10-27 12:13:10,764 [main] DEBUG com.celera.backoffice.BOServiceManager.main(BOServiceManager.java:109) - sleep 10000
2016-10-27 12:13:20,766 [main] DEBUG com.celera.backoffice.BOServiceManager.main(BOServiceManager.java:109) - sleep 10000
2016-10-27 12:13:30,771 [main] DEBUG com.celera.backoffice.BOServiceManager.main(BOServiceManager.java:109) - sleep 10000
2016-10-27 12:13:40,772 [main] DEBUG com.celera.backoffice.BOServiceManager.main(BOServiceManager.java:109) - sleep 10000
2016-10-27 12:13:50,773 [main] DEBUG com.celera.backoffice.BOServiceManager.main(BOServiceManager.java:109) - sleep 10000
2016-10-27 12:14:00,774 [main] DEBUG com.celera.backoffice.BOServiceManager.main(BOServiceManager.java:109) - sleep 10000
2016-10-27 12:14:10,779 [main] DEBUG com.celera.backoffice.BOServiceManager.main(BOServiceManager.java:109) - sleep 10000
2016-10-27 12:14:20,780 [main] DEBUG com.celera.backoffice.BOServiceManager.main(BOServiceManager.java:109) - sleep 10000
2016-10-27 12:14:30,781 [main] DEBUG com.celera.backoffice.BOServiceManager.main(BOServiceManager.java:109) - sleep 10000
2016-10-27 12:14:40,782 [main] DEBUG com.celera.backoffice.BOServiceManager.main(BOServiceManager.java:109) - sleep 10000
2016-10-27 12:14:50,783 [main] DEBUG com.celera.backoffice.BOServiceManager.main(BOServiceManager.java:109) - sleep 10000
2016-10-27 12:15:00,785 [main] DEBUG com.celera.backoffice.BOServiceManager.main(BOServiceManager.java:109) - sleep 10000
2016-10-27 12:15:10,785 [main] DEBUG com.celera.backoffice.BOServiceManager.main(BOServiceManager.java:109) - sleep 10000
2016-10-27 12:15:20,786 [main] DEBUG com.celera.backoffice.BOServiceManager.main(BOServiceManager.java:109) - sleep 10000
2016-10-27 12:15:30,787 [main] DEBUG com.celera.backoffice.BOServiceManager.main(BOServiceManager.java:109) - sleep 10000
2016-10-27 12:15:40,788 [main] DEBUG com.celera.backoffice.BOServiceManager.main(BOServiceManager.java:109) - sleep 10000
2016-10-27 12:15:50,789 [main] DEBUG com.celera.backoffice.BOServiceManager.main(BOServiceManager.java:109) - sleep 10000
2016-10-27 12:16:00,790 [main] DEBUG com.celera.backoffice.BOServiceManager.main(BOServiceManager.java:109) - sleep 10000
2016-10-27 12:16:10,790 [main] DEBUG com.celera.backoffice.BOServiceManager.main(BOServiceManager.java:109) - sleep 10000
2016-10-27 12:16:20,791 [main] DEBUG com.celera.backoffice.BOServiceManager.main(BOServiceManager.java:109) - sleep 10000
2016-10-27 12:16:30,792 [main] DEBUG com.celera.backoffice.BOServiceManager.main(BOServiceManager.java:109) - sleep 10000
2016-10-27 12:16:40,792 [main] DEBUG com.celera.backoffice.BOServiceManager.main(BOServiceManager.java:109) - sleep 10000
2016-10-27 12:16:50,793 [main] DEBUG com.celera.backoffice.BOServiceManager.main(BOServiceManager.java:109) - sleep 10000
2016-10-27 12:17:00,794 [main] DEBUG com.celera.backoffice.BOServiceManager.main(BOServiceManager.java:109) - sleep 10000
2016-10-27 12:17:10,795 [main] DEBUG com.celera.backoffice.BOServiceManager.main(BOServiceManager.java:109) - sleep 10000
2016-10-27 12:17:20,795 [main] DEBUG com.celera.backoffice.BOServiceManager.main(BOServiceManager.java:109) - sleep 10000
2016-10-27 12:17:30,796 [main] DEBUG com.celera.backoffice.BOServiceManager.main(BOServiceManager.java:109) - sleep 10000
2016-10-27 12:17:40,800 [main] DEBUG com.celera.backoffice.BOServiceManager.main(BOServiceManager.java:109) - sleep 10000
2016-10-27 12:17:50,800 [main] DEBUG com.celera.backoffice.BOServiceManager.main(BOServiceManager.java:109) - sleep 10000
2016-10-27 12:18:00,801 [main] DEBUG com.celera.backoffice.BOServiceManager.main(BOServiceManager.java:109) - sleep 10000
2016-10-27 12:18:10,802 [main] DEBUG com.celera.backoffice.BOServiceManager.main(BOServiceManager.java:109) - sleep 10000
2016-10-27 12:18:20,804 [main] DEBUG com.celera.backoffice.BOServiceManager.main(BOServiceManager.java:109) - sleep 10000
2016-10-27 12:18:30,804 [main] DEBUG com.celera.backoffice.BOServiceManager.main(BOServiceManager.java:109) - sleep 10000
2016-10-27 12:18:40,806 [main] DEBUG com.celera.backoffice.BOServiceManager.main(BOServiceManager.java:109) - sleep 10000
2016-10-27 12:18:50,808 [main] DEBUG com.celera.backoffice.BOServiceManager.main(BOServiceManager.java:109) - sleep 10000
2016-10-27 12:19:00,809 [main] DEBUG com.celera.backoffice.BOServiceManager.main(BOServiceManager.java:109) - sleep 10000
2016-10-27 12:19:10,813 [main] DEBUG com.celera.backoffice.BOServiceManager.main(BOServiceManager.java:109) - sleep 10000
2016-10-27 12:19:20,815 [main] DEBUG com.celera.backoffice.BOServiceManager.main(BOServiceManager.java:109) - sleep 10000
2016-10-27 12:19:30,816 [main] DEBUG com.celera.backoffice.BOServiceManager.main(BOServiceManager.java:109) - sleep 10000
2016-10-27 12:19:40,816 [main] DEBUG com.celera.backoffice.BOServiceManager.main(BOServiceManager.java:109) - sleep 10000
2016-10-27 12:19:50,817 [main] DEBUG com.celera.backoffice.BOServiceManager.main(BOServiceManager.java:109) - sleep 10000
2016-10-27 12:20:00,818 [main] DEBUG com.celera.backoffice.BOServiceManager.main(BOServiceManager.java:109) - sleep 10000
2016-10-27 12:20:10,821 [main] DEBUG com.celera.backoffice.BOServiceManager.main(BOServiceManager.java:109) - sleep 10000
2016-10-27 12:20:20,823 [main] DEBUG com.celera.backoffice.BOServiceManager.main(BOServiceManager.java:109) - sleep 10000
2016-10-27 12:20:30,824 [main] DEBUG com.celera.backoffice.BOServiceManager.main(BOServiceManager.java:109) - sleep 10000
2016-10-27 12:20:40,825 [main] DEBUG com.celera.backoffice.BOServiceManager.main(BOServiceManager.java:109) - sleep 10000
2016-10-27 12:20:50,828 [main] DEBUG com.celera.backoffice.BOServiceManager.main(BOServiceManager.java:109) - sleep 10000
2016-10-27 12:21:00,829 [main] DEBUG com.celera.backoffice.BOServiceManager.main(BOServiceManager.java:109) - sleep 10000
2016-10-27 12:21:10,830 [main] DEBUG com.celera.backoffice.BOServiceManager.main(BOServiceManager.java:109) - sleep 10000
2016-10-27 12:21:20,830 [main] DEBUG com.celera.backoffice.BOServiceManager.main(BOServiceManager.java:109) - sleep 10000
2016-10-27 12:21:30,831 [main] DEBUG com.celera.backoffice.BOServiceManager.main(BOServiceManager.java:109) - sleep 10000
2016-10-27 12:21:40,831 [main] DEBUG com.celera.backoffice.BOServiceManager.main(BOServiceManager.java:109) - sleep 10000
2016-10-27 12:21:50,833 [main] DEBUG com.celera.backoffice.BOServiceManager.main(BOServiceManager.java:109) - sleep 10000
2016-10-27 12:22:00,834 [main] DEBUG com.celera.backoffice.BOServiceManager.main(BOServiceManager.java:109) - sleep 10000
2016-10-27 12:22:10,836 [main] DEBUG com.celera.backoffice.BOServiceManager.main(BOServiceManager.java:109) - sleep 10000
2016-10-27 12:22:20,837 [main] DEBUG com.celera.backoffice.BOServiceManager.main(BOServiceManager.java:109) - sleep 10000
2016-10-27 12:22:30,838 [main] DEBUG com.celera.backoffice.BOServiceManager.main(BOServiceManager.java:109) - sleep 10000
2016-10-27 12:22:40,839 [main] DEBUG com.celera.backoffice.BOServiceManager.main(BOServiceManager.java:109) - sleep 10000
2016-10-27 12:22:50,840 [main] DEBUG com.celera.backoffice.BOServiceManager.main(BOServiceManager.java:109) - sleep 10000
2016-10-27 12:23:00,842 [main] DEBUG com.celera.backoffice.BOServiceManager.main(BOServiceManager.java:109) - sleep 10000
2016-10-27 12:23:10,843 [main] DEBUG com.celera.backoffice.BOServiceManager.main(BOServiceManager.java:109) - sleep 10000
2016-10-27 12:23:20,845 [main] DEBUG com.celera.backoffice.BOServiceManager.main(BOServiceManager.java:109) - sleep 10000
2016-10-27 12:23:30,847 [main] DEBUG com.celera.backoffice.BOServiceManager.main(BOServiceManager.java:109) - sleep 10000
2016-10-27 12:23:40,847 [main] DEBUG com.celera.backoffice.BOServiceManager.main(BOServiceManager.java:109) - sleep 10000
2016-10-27 12:23:50,848 [main] DEBUG com.celera.backoffice.BOServiceManager.main(BOServiceManager.java:109) - sleep 10000
2016-10-27 12:24:00,848 [main] DEBUG com.celera.backoffice.BOServiceManager.main(BOServiceManager.java:109) - sleep 10000
2016-10-27 12:24:10,851 [main] DEBUG com.celera.backoffice.BOServiceManager.main(BOServiceManager.java:109) - sleep 10000
2016-10-27 12:24:20,852 [main] DEBUG com.celera.backoffice.BOServiceManager.main(BOServiceManager.java:109) - sleep 10000
2016-10-27 12:24:30,853 [main] DEBUG com.celera.backoffice.BOServiceManager.main(BOServiceManager.java:109) - sleep 10000
2016-10-27 12:24:40,853 [main] DEBUG com.celera.backoffice.BOServiceManager.main(BOServiceManager.java:109) - sleep 10000
2016-10-27 12:24:50,856 [main] DEBUG com.celera.backoffice.BOServiceManager.main(BOServiceManager.java:109) - sleep 10000
2016-10-27 12:25:00,857 [main] DEBUG com.celera.backoffice.BOServiceManager.main(BOServiceManager.java:109) - sleep 10000
2016-10-27 12:25:10,858 [main] DEBUG com.celera.backoffice.BOServiceManager.main(BOServiceManager.java:109) - sleep 10000
2016-10-27 12:25:20,858 [main] DEBUG com.celera.backoffice.BOServiceManager.main(BOServiceManager.java:109) - sleep 10000
2016-10-27 12:25:30,859 [main] DEBUG com.celera.backoffice.BOServiceManager.main(BOServiceManager.java:109) - sleep 10000
2016-10-27 12:25:40,860 [main] DEBUG com.celera.backoffice.BOServiceManager.main(BOServiceManager.java:109) - sleep 10000
2016-10-27 12:25:50,861 [main] DEBUG com.celera.backoffice.BOServiceManager.main(BOServiceManager.java:109) - sleep 10000
2016-10-27 12:26:00,861 [main] DEBUG com.celera.backoffice.BOServiceManager.main(BOServiceManager.java:109) - sleep 10000
2016-10-27 12:26:10,862 [main] DEBUG com.celera.backoffice.BOServiceManager.main(BOServiceManager.java:109) - sleep 10000
2016-10-27 12:26:20,863 [main] DEBUG com.celera.backoffice.BOServiceManager.main(BOServiceManager.java:109) - sleep 10000
2016-10-27 12:26:30,864 [main] DEBUG com.celera.backoffice.BOServiceManager.main(BOServiceManager.java:109) - sleep 10000
2016-10-27 12:26:40,864 [main] DEBUG com.celera.backoffice.BOServiceManager.main(BOServiceManager.java:109) - sleep 10000
2016-10-27 12:26:50,865 [main] DEBUG com.celera.backoffice.BOServiceManager.main(BOServiceManager.java:109) - sleep 10000
2016-10-27 12:27:00,869 [main] DEBUG com.celera.backoffice.BOServiceManager.main(BOServiceManager.java:109) - sleep 10000
2016-10-27 12:27:10,869 [main] DEBUG com.celera.backoffice.BOServiceManager.main(BOServiceManager.java:109) - sleep 10000
2016-10-27 12:27:20,870 [main] DEBUG com.celera.backoffice.BOServiceManager.main(BOServiceManager.java:109) - sleep 10000
2016-10-27 12:27:30,873 [main] DEBUG com.celera.backoffice.BOServiceManager.main(BOServiceManager.java:109) - sleep 10000
2016-10-27 12:27:40,875 [main] DEBUG com.celera.backoffice.BOServiceManager.main(BOServiceManager.java:109) - sleep 10000
2016-10-27 12:27:50,877 [main] DEBUG com.celera.backoffice.BOServiceManager.main(BOServiceManager.java:109) - sleep 10000
2016-10-27 12:28:00,878 [main] DEBUG com.celera.backoffice.BOServiceManager.main(BOServiceManager.java:109) - sleep 10000
2016-10-27 12:28:10,880 [main] DEBUG com.celera.backoffice.BOServiceManager.main(BOServiceManager.java:109) - sleep 10000
2016-10-27 12:28:20,881 [main] DEBUG com.celera.backoffice.BOServiceManager.main(BOServiceManager.java:109) - sleep 10000
2016-10-27 12:28:30,882 [main] DEBUG com.celera.backoffice.BOServiceManager.main(BOServiceManager.java:109) - sleep 10000
2016-10-27 12:28:40,883 [main] DEBUG com.celera.backoffice.BOServiceManager.main(BOServiceManager.java:109) - sleep 10000
2016-10-27 12:28:50,883 [main] DEBUG com.celera.backoffice.BOServiceManager.main(BOServiceManager.java:109) - sleep 10000
2016-10-27 12:29:00,884 [main] DEBUG com.celera.backoffice.BOServiceManager.main(BOServiceManager.java:109) - sleep 10000
2016-10-27 12:29:10,886 [main] DEBUG com.celera.backoffice.BOServiceManager.main(BOServiceManager.java:109) - sleep 10000
2016-10-27 12:29:20,887 [main] DEBUG com.celera.backoffice.BOServiceManager.main(BOServiceManager.java:109) - sleep 10000
2016-10-27 12:29:30,888 [main] DEBUG com.celera.backoffice.BOServiceManager.main(BOServiceManager.java:109) - sleep 10000
2016-10-27 12:29:40,889 [main] DEBUG com.celera.backoffice.BOServiceManager.main(BOServiceManager.java:109) - sleep 10000
2016-10-27 12:29:50,890 [main] DEBUG com.celera.backoffice.BOServiceManager.main(BOServiceManager.java:109) - sleep 10000
2016-10-27 12:30:00,893 [main] DEBUG com.celera.backoffice.BOServiceManager.main(BOServiceManager.java:109) - sleep 10000
2016-10-27 12:30:10,894 [main] DEBUG com.celera.backoffice.BOServiceManager.main(BOServiceManager.java:109) - sleep 10000
2016-10-27 12:30:20,897 [main] DEBUG com.celera.backoffice.BOServiceManager.main(BOServiceManager.java:109) - sleep 10000
2016-10-27 12:30:30,899 [main] DEBUG com.celera.backoffice.BOServiceManager.main(BOServiceManager.java:109) - sleep 10000
2016-10-27 12:30:40,900 [main] DEBUG com.celera.backoffice.BOServiceManager.main(BOServiceManager.java:109) - sleep 10000
2016-10-27 12:30:50,900 [main] DEBUG com.celera.backoffice.BOServiceManager.main(BOServiceManager.java:109) - sleep 10000
2016-10-27 12:31:00,901 [main] DEBUG com.celera.backoffice.BOServiceManager.main(BOServiceManager.java:109) - sleep 10000
2016-10-27 12:31:10,904 [main] DEBUG com.celera.backoffice.BOServiceManager.main(BOServiceManager.java:109) - sleep 10000
2016-10-27 12:31:20,905 [main] DEBUG com.celera.backoffice.BOServiceManager.main(BOServiceManager.java:109) - sleep 10000
2016-10-27 12:31:30,905 [main] DEBUG com.celera.backoffice.BOServiceManager.main(BOServiceManager.java:109) - sleep 10000
2016-10-27 12:31:40,906 [main] DEBUG com.celera.backoffice.BOServiceManager.main(BOServiceManager.java:109) - sleep 10000
2016-10-27 12:31:50,908 [main] DEBUG com.celera.backoffice.BOServiceManager.main(BOServiceManager.java:109) - sleep 10000
2016-10-27 12:32:00,910 [main] DEBUG com.celera.backoffice.BOServiceManager.main(BOServiceManager.java:109) - sleep 10000
2016-10-27 12:32:10,911 [main] DEBUG com.celera.backoffice.BOServiceManager.main(BOServiceManager.java:109) - sleep 10000
2016-10-27 12:32:20,915 [main] DEBUG com.celera.backoffice.BOServiceManager.main(BOServiceManager.java:109) - sleep 10000
2016-10-27 12:32:30,917 [main] DEBUG com.celera.backoffice.BOServiceManager.main(BOServiceManager.java:109) - sleep 10000
2016-10-27 12:32:40,918 [main] DEBUG com.celera.backoffice.BOServiceManager.main(BOServiceManager.java:109) - sleep 10000
2016-10-27 12:32:50,918 [main] DEBUG com.celera.backoffice.BOServiceManager.main(BOServiceManager.java:109) - sleep 10000
2016-10-27 12:33:00,919 [main] DEBUG com.celera.backoffice.BOServiceManager.main(BOServiceManager.java:109) - sleep 10000
2016-10-27 12:33:10,920 [main] DEBUG com.celera.backoffice.BOServiceManager.main(BOServiceManager.java:109) - sleep 10000
2016-10-27 12:33:20,924 [main] DEBUG com.celera.backoffice.BOServiceManager.main(BOServiceManager.java:109) - sleep 10000
2016-10-27 12:33:30,925 [main] DEBUG com.celera.backoffice.BOServiceManager.main(BOServiceManager.java:109) - sleep 10000
2016-10-27 12:33:40,926 [main] DEBUG com.celera.backoffice.BOServiceManager.main(BOServiceManager.java:109) - sleep 10000
2016-10-27 12:33:50,926 [main] DEBUG com.celera.backoffice.BOServiceManager.main(BOServiceManager.java:109) - sleep 10000
2016-10-27 12:34:00,927 [main] DEBUG com.celera.backoffice.BOServiceManager.main(BOServiceManager.java:109) - sleep 10000
2016-10-27 12:34:10,927 [main] DEBUG com.celera.backoffice.BOServiceManager.main(BOServiceManager.java:109) - sleep 10000
2016-10-27 12:34:20,928 [main] DEBUG com.celera.backoffice.BOServiceManager.main(BOServiceManager.java:109) - sleep 10000
2016-10-27 12:34:30,930 [main] DEBUG com.celera.backoffice.BOServiceManager.main(BOServiceManager.java:109) - sleep 10000
2016-10-27 12:34:40,930 [main] DEBUG com.celera.backoffice.BOServiceManager.main(BOServiceManager.java:109) - sleep 10000
2016-10-27 12:34:50,931 [main] DEBUG com.celera.backoffice.BOServiceManager.main(BOServiceManager.java:109) - sleep 10000
2016-10-27 12:35:00,932 [main] DEBUG com.celera.backoffice.BOServiceManager.main(BOServiceManager.java:109) - sleep 10000
2016-10-27 12:35:10,933 [main] DEBUG com.celera.backoffice.BOServiceManager.main(BOServiceManager.java:109) - sleep 10000
2016-10-27 12:35:20,936 [main] DEBUG com.celera.backoffice.BOServiceManager.main(BOServiceManager.java:109) - sleep 10000
2016-10-27 12:35:30,937 [main] DEBUG com.celera.backoffice.BOServiceManager.main(BOServiceManager.java:109) - sleep 10000
2016-10-27 12:35:40,940 [main] DEBUG com.celera.backoffice.BOServiceManager.main(BOServiceManager.java:109) - sleep 10000
2016-10-27 12:35:50,941 [main] DEBUG com.celera.backoffice.BOServiceManager.main(BOServiceManager.java:109) - sleep 10000
2016-10-27 12:36:00,943 [main] DEBUG com.celera.backoffice.BOServiceManager.main(BOServiceManager.java:109) - sleep 10000
2016-10-27 12:36:10,943 [main] DEBUG com.celera.backoffice.BOServiceManager.main(BOServiceManager.java:109) - sleep 10000
2016-10-27 12:36:20,945 [main] DEBUG com.celera.backoffice.BOServiceManager.main(BOServiceManager.java:109) - sleep 10000
2016-10-27 12:36:30,948 [main] DEBUG com.celera.backoffice.BOServiceManager.main(BOServiceManager.java:109) - sleep 10000
2016-10-27 12:36:40,950 [main] DEBUG com.celera.backoffice.BOServiceManager.main(BOServiceManager.java:109) - sleep 10000
2016-10-27 12:36:50,950 [main] DEBUG com.celera.backoffice.BOServiceManager.main(BOServiceManager.java:109) - sleep 10000
2016-10-27 12:37:00,951 [main] DEBUG com.celera.backoffice.BOServiceManager.main(BOServiceManager.java:109) - sleep 10000
2016-10-27 12:37:10,952 [main] DEBUG com.celera.backoffice.BOServiceManager.main(BOServiceManager.java:109) - sleep 10000
2016-10-27 12:37:20,953 [main] DEBUG com.celera.backoffice.BOServiceManager.main(BOServiceManager.java:109) - sleep 10000
2016-10-27 12:37:30,955 [main] DEBUG com.celera.backoffice.BOServiceManager.main(BOServiceManager.java:109) - sleep 10000
2016-10-27 12:37:40,956 [main] DEBUG com.celera.backoffice.BOServiceManager.main(BOServiceManager.java:109) - sleep 10000
2016-10-27 12:37:50,957 [main] DEBUG com.celera.backoffice.BOServiceManager.main(BOServiceManager.java:109) - sleep 10000
2016-10-27 12:38:00,957 [main] DEBUG com.celera.backoffice.BOServiceManager.main(BOServiceManager.java:109) - sleep 10000
2016-10-27 12:38:10,958 [main] DEBUG com.celera.backoffice.BOServiceManager.main(BOServiceManager.java:109) - sleep 10000
2016-10-27 12:38:20,959 [main] DEBUG com.celera.backoffice.BOServiceManager.main(BOServiceManager.java:109) - sleep 10000
2016-10-27 12:38:30,959 [main] DEBUG com.celera.backoffice.BOServiceManager.main(BOServiceManager.java:109) - sleep 10000
2016-10-27 12:38:40,960 [main] DEBUG com.celera.backoffice.BOServiceManager.main(BOServiceManager.java:109) - sleep 10000
2016-10-27 12:38:50,961 [main] DEBUG com.celera.backoffice.BOServiceManager.main(BOServiceManager.java:109) - sleep 10000
2016-10-27 12:39:00,962 [main] DEBUG com.celera.backoffice.BOServiceManager.main(BOServiceManager.java:109) - sleep 10000
2016-10-27 12:39:10,962 [main] DEBUG com.celera.backoffice.BOServiceManager.main(BOServiceManager.java:109) - sleep 10000
2016-10-27 12:39:20,964 [main] DEBUG com.celera.backoffice.BOServiceManager.main(BOServiceManager.java:109) - sleep 10000
2016-10-27 12:39:30,965 [main] DEBUG com.celera.backoffice.BOServiceManager.main(BOServiceManager.java:109) - sleep 10000
2016-10-27 12:39:40,965 [main] DEBUG com.celera.backoffice.BOServiceManager.main(BOServiceManager.java:109) - sleep 10000
2016-10-27 12:39:50,967 [main] DEBUG com.celera.backoffice.BOServiceManager.main(BOServiceManager.java:109) - sleep 10000
2016-10-27 12:40:00,970 [main] DEBUG com.celera.backoffice.BOServiceManager.main(BOServiceManager.java:109) - sleep 10000
2016-10-27 12:40:10,971 [main] DEBUG com.celera.backoffice.BOServiceManager.main(BOServiceManager.java:109) - sleep 10000
2016-10-27 12:40:20,971 [main] DEBUG com.celera.backoffice.BOServiceManager.main(BOServiceManager.java:109) - sleep 10000
2016-10-27 12:40:30,972 [main] DEBUG com.celera.backoffice.BOServiceManager.main(BOServiceManager.java:109) - sleep 10000
2016-10-27 12:40:40,973 [main] DEBUG com.celera.backoffice.BOServiceManager.main(BOServiceManager.java:109) - sleep 10000
2016-10-27 12:40:50,974 [main] DEBUG com.celera.backoffice.BOServiceManager.main(BOServiceManager.java:109) - sleep 10000
2016-10-27 12:41:00,976 [main] DEBUG com.celera.backoffice.BOServiceManager.main(BOServiceManager.java:109) - sleep 10000
2016-10-27 12:41:10,978 [main] DEBUG com.celera.backoffice.BOServiceManager.main(BOServiceManager.java:109) - sleep 10000
2016-10-27 12:41:20,980 [main] DEBUG com.celera.backoffice.BOServiceManager.main(BOServiceManager.java:109) - sleep 10000
2016-10-27 12:41:30,981 [main] DEBUG com.celera.backoffice.BOServiceManager.main(BOServiceManager.java:109) - sleep 10000
2016-10-27 12:41:40,981 [main] DEBUG com.celera.backoffice.BOServiceManager.main(BOServiceManager.java:109) - sleep 10000
2016-10-27 12:41:50,982 [main] DEBUG com.celera.backoffice.BOServiceManager.main(BOServiceManager.java:109) - sleep 10000
2016-10-27 12:42:00,983 [main] DEBUG com.celera.backoffice.BOServiceManager.main(BOServiceManager.java:109) - sleep 10000
2016-10-27 12:42:10,985 [main] DEBUG com.celera.backoffice.BOServiceManager.main(BOServiceManager.java:109) - sleep 10000
2016-10-27 12:42:20,985 [main] DEBUG com.celera.backoffice.BOServiceManager.main(BOServiceManager.java:109) - sleep 10000
2016-10-27 12:42:30,986 [main] DEBUG com.celera.backoffice.BOServiceManager.main(BOServiceManager.java:109) - sleep 10000
2016-10-27 12:42:40,987 [main] DEBUG com.celera.backoffice.BOServiceManager.main(BOServiceManager.java:109) - sleep 10000
2016-10-27 12:42:50,988 [main] DEBUG com.celera.backoffice.BOServiceManager.main(BOServiceManager.java:109) - sleep 10000
2016-10-27 12:43:00,989 [main] DEBUG com.celera.backoffice.BOServiceManager.main(BOServiceManager.java:109) - sleep 10000
2016-10-27 12:43:10,990 [main] DEBUG com.celera.backoffice.BOServiceManager.main(BOServiceManager.java:109) - sleep 10000
2016-10-27 12:43:20,991 [main] DEBUG com.celera.backoffice.BOServiceManager.main(BOServiceManager.java:109) - sleep 10000
2016-10-27 12:43:30,991 [main] DEBUG com.celera.backoffice.BOServiceManager.main(BOServiceManager.java:109) - sleep 10000
2016-10-27 12:43:40,992 [main] DEBUG com.celera.backoffice.BOServiceManager.main(BOServiceManager.java:109) - sleep 10000
2016-10-27 12:43:50,993 [main] DEBUG com.celera.backoffice.BOServiceManager.main(BOServiceManager.java:109) - sleep 10000
2016-10-27 12:43:53,030 [pool-1-thread-1] INFO  com.celera.backoffice.BOServiceManager.onMessage(BOServiceManager.java:54) - onMessage [87, 65, 84, 69, 50, 48, 49, 54, 49, 48, 48, 49, 50, 48, 49, 54, 49, 48, 50, 55, 67, 97, 110, 99, 101, 108]
2016-10-27 12:44:00,994 [main] DEBUG com.celera.backoffice.BOServiceManager.main(BOServiceManager.java:109) - sleep 10000
2016-10-27 12:44:10,994 [main] DEBUG com.celera.backoffice.BOServiceManager.main(BOServiceManager.java:109) - sleep 10000
2016-10-27 12:44:20,995 [main] DEBUG com.celera.backoffice.BOServiceManager.main(BOServiceManager.java:109) - sleep 10000
2016-10-27 12:44:30,998 [main] DEBUG com.celera.backoffice.BOServiceManager.main(BOServiceManager.java:109) - sleep 10000
2016-10-27 12:44:40,998 [main] DEBUG com.celera.backoffice.BOServiceManager.main(BOServiceManager.java:109) - sleep 10000
2016-10-27 12:44:50,999 [main] DEBUG com.celera.backoffice.BOServiceManager.main(BOServiceManager.java:109) - sleep 10000
2016-10-27 12:45:00,999 [main] DEBUG com.celera.backoffice.BOServiceManager.main(BOServiceManager.java:109) - sleep 10000
2016-10-27 12:45:11,000 [main] DEBUG com.celera.backoffice.BOServiceManager.main(BOServiceManager.java:109) - sleep 10000
2016-10-27 12:45:21,000 [main] DEBUG com.celera.backoffice.BOServiceManager.main(BOServiceManager.java:109) - sleep 10000
2016-10-27 12:45:31,001 [main] DEBUG com.celera.backoffice.BOServiceManager.main(BOServiceManager.java:109) - sleep 10000
2016-10-27 12:45:41,001 [main] DEBUG com.celera.backoffice.BOServiceManager.main(BOServiceManager.java:109) - sleep 10000
2016-10-27 12:45:51,003 [main] DEBUG com.celera.backoffice.BOServiceManager.main(BOServiceManager.java:109) - sleep 10000
2016-10-27 12:46:01,003 [main] DEBUG com.celera.backoffice.BOServiceManager.main(BOServiceManager.java:109) - sleep 10000
2016-10-27 12:46:11,004 [main] DEBUG com.celera.backoffice.BOServiceManager.main(BOServiceManager.java:109) - sleep 10000
2016-10-27 12:46:21,005 [main] DEBUG com.celera.backoffice.BOServiceManager.main(BOServiceManager.java:109) - sleep 10000
2016-10-27 12:46:31,006 [main] DEBUG com.celera.backoffice.BOServiceManager.main(BOServiceManager.java:109) - sleep 10000
2016-10-27 12:46:41,010 [main] DEBUG com.celera.backoffice.BOServiceManager.main(BOServiceManager.java:109) - sleep 10000
2016-10-27 12:46:51,010 [main] DEBUG com.celera.backoffice.BOServiceManager.main(BOServiceManager.java:109) - sleep 10000
2016-10-27 12:47:01,011 [main] DEBUG com.celera.backoffice.BOServiceManager.main(BOServiceManager.java:109) - sleep 10000
2016-10-27 12:47:11,011 [main] DEBUG com.celera.backoffice.BOServiceManager.main(BOServiceManager.java:109) - sleep 10000
2016-10-27 12:47:21,012 [main] DEBUG com.celera.backoffice.BOServiceManager.main(BOServiceManager.java:109) - sleep 10000
2016-10-27 12:47:31,013 [main] DEBUG com.celera.backoffice.BOServiceManager.main(BOServiceManager.java:109) - sleep 10000
2016-10-27 12:47:41,014 [main] DEBUG com.celera.backoffice.BOServiceManager.main(BOServiceManager.java:109) - sleep 10000
2016-10-27 12:47:51,014 [main] DEBUG com.celera.backoffice.BOServiceManager.main(BOServiceManager.java:109) - sleep 10000
2016-10-27 12:48:01,015 [main] DEBUG com.celera.backoffice.BOServiceManager.main(BOServiceManager.java:109) - sleep 10000
2016-10-27 12:48:11,015 [main] DEBUG com.celera.backoffice.BOServiceManager.main(BOServiceManager.java:109) - sleep 10000
2016-10-27 12:48:21,016 [main] DEBUG com.celera.backoffice.BOServiceManager.main(BOServiceManager.java:109) - sleep 10000
2016-10-27 12:48:31,017 [main] DEBUG com.celera.backoffice.BOServiceManager.main(BOServiceManager.java:109) - sleep 10000
2016-10-27 12:48:41,018 [main] DEBUG com.celera.backoffice.BOServiceManager.main(BOServiceManager.java:109) - sleep 10000
2016-10-27 12:48:51,019 [main] DEBUG com.celera.backoffice.BOServiceManager.main(BOServiceManager.java:109) - sleep 10000
2016-10-27 12:49:01,022 [main] DEBUG com.celera.backoffice.BOServiceManager.main(BOServiceManager.java:109) - sleep 10000
2016-10-27 12:49:11,023 [main] DEBUG com.celera.backoffice.BOServiceManager.main(BOServiceManager.java:109) - sleep 10000
2016-10-27 12:49:21,023 [main] DEBUG com.celera.backoffice.BOServiceManager.main(BOServiceManager.java:109) - sleep 10000
2016-10-27 12:49:31,024 [main] DEBUG com.celera.backoffice.BOServiceManager.main(BOServiceManager.java:109) - sleep 10000
2016-10-27 12:49:41,024 [main] DEBUG com.celera.backoffice.BOServiceManager.main(BOServiceManager.java:109) - sleep 10000
2016-10-27 12:49:51,026 [main] DEBUG com.celera.backoffice.BOServiceManager.main(BOServiceManager.java:109) - sleep 10000
2016-10-27 12:50:01,026 [main] DEBUG com.celera.backoffice.BOServiceManager.main(BOServiceManager.java:109) - sleep 10000
2016-10-27 12:50:11,027 [main] DEBUG com.celera.backoffice.BOServiceManager.main(BOServiceManager.java:109) - sleep 10000
2016-10-27 12:50:21,028 [main] DEBUG com.celera.backoffice.BOServiceManager.main(BOServiceManager.java:109) - sleep 10000
2016-10-27 12:50:31,028 [main] DEBUG com.celera.backoffice.BOServiceManager.main(BOServiceManager.java:109) - sleep 10000
2016-10-27 12:50:41,029 [main] DEBUG com.celera.backoffice.BOServiceManager.main(BOServiceManager.java:109) - sleep 10000
2016-10-27 12:50:51,029 [main] DEBUG com.celera.backoffice.BOServiceManager.main(BOServiceManager.java:109) - sleep 10000
2016-10-27 12:51:01,031 [main] DEBUG com.celera.backoffice.BOServiceManager.main(BOServiceManager.java:109) - sleep 10000
2016-10-27 12:51:11,031 [main] DEBUG com.celera.backoffice.BOServiceManager.main(BOServiceManager.java:109) - sleep 10000
2016-10-27 12:51:21,033 [main] DEBUG com.celera.backoffice.BOServiceManager.main(BOServiceManager.java:109) - sleep 10000
2016-10-27 12:51:31,034 [main] DEBUG com.celera.backoffice.BOServiceManager.main(BOServiceManager.java:109) - sleep 10000
2016-10-27 12:51:41,034 [main] DEBUG com.celera.backoffice.BOServiceManager.main(BOServiceManager.java:109) - sleep 10000
2016-10-27 12:51:51,035 [main] DEBUG com.celera.backoffice.BOServiceManager.main(BOServiceManager.java:109) - sleep 10000
2016-10-27 12:52:01,035 [main] DEBUG com.celera.backoffice.BOServiceManager.main(BOServiceManager.java:109) - sleep 10000
2016-10-27 12:52:11,039 [main] DEBUG com.celera.backoffice.BOServiceManager.main(BOServiceManager.java:109) - sleep 10000
2016-10-27 12:52:21,040 [main] DEBUG com.celera.backoffice.BOServiceManager.main(BOServiceManager.java:109) - sleep 10000
2016-10-27 12:52:31,041 [main] DEBUG com.celera.backoffice.BOServiceManager.main(BOServiceManager.java:109) - sleep 10000
2016-10-27 12:52:41,041 [main] DEBUG com.celera.backoffice.BOServiceManager.main(BOServiceManager.java:109) - sleep 10000
2016-10-27 12:52:51,041 [main] DEBUG com.celera.backoffice.BOServiceManager.main(BOServiceManager.java:109) - sleep 10000
2016-10-27 12:53:01,042 [main] DEBUG com.celera.backoffice.BOServiceManager.main(BOServiceManager.java:109) - sleep 10000
2016-10-27 12:53:11,043 [main] DEBUG com.celera.backoffice.BOServiceManager.main(BOServiceManager.java:109) - sleep 10000
2016-10-27 12:53:21,044 [main] DEBUG com.celera.backoffice.BOServiceManager.main(BOServiceManager.java:109) - sleep 10000
2016-10-27 12:53:31,044 [main] DEBUG com.celera.backoffice.BOServiceManager.main(BOServiceManager.java:109) - sleep 10000
2016-10-27 12:53:41,046 [main] DEBUG com.celera.backoffice.BOServiceManager.main(BOServiceManager.java:109) - sleep 10000
2016-10-27 12:53:51,048 [main] DEBUG com.celera.backoffice.BOServiceManager.main(BOServiceManager.java:109) - sleep 10000
2016-10-27 12:54:01,052 [main] DEBUG com.celera.backoffice.BOServiceManager.main(BOServiceManager.java:109) - sleep 10000
2016-10-27 12:54:11,052 [main] DEBUG com.celera.backoffice.BOServiceManager.main(BOServiceManager.java:109) - sleep 10000
2016-10-27 12:54:21,054 [main] DEBUG com.celera.backoffice.BOServiceManager.main(BOServiceManager.java:109) - sleep 10000
2016-10-27 12:54:31,055 [main] DEBUG com.celera.backoffice.BOServiceManager.main(BOServiceManager.java:109) - sleep 10000
2016-10-27 12:54:41,056 [main] DEBUG com.celera.backoffice.BOServiceManager.main(BOServiceManager.java:109) - sleep 10000
2016-10-27 12:54:51,056 [main] DEBUG com.celera.backoffice.BOServiceManager.main(BOServiceManager.java:109) - sleep 10000
2016-10-27 12:55:01,059 [main] DEBUG com.celera.backoffice.BOServiceManager.main(BOServiceManager.java:109) - sleep 10000
2016-10-27 12:55:11,060 [main] DEBUG com.celera.backoffice.BOServiceManager.main(BOServiceManager.java:109) - sleep 10000
2016-10-27 12:55:21,062 [main] DEBUG com.celera.backoffice.BOServiceManager.main(BOServiceManager.java:109) - sleep 10000
2016-10-27 12:55:31,062 [main] DEBUG com.celera.backoffice.BOServiceManager.main(BOServiceManager.java:109) - sleep 10000
2016-10-27 12:55:41,063 [main] DEBUG com.celera.backoffice.BOServiceManager.main(BOServiceManager.java:109) - sleep 10000
2016-10-27 12:55:51,064 [main] DEBUG com.celera.backoffice.BOServiceManager.main(BOServiceManager.java:109) - sleep 10000
2016-10-27 12:56:01,065 [main] DEBUG com.celera.backoffice.BOServiceManager.main(BOServiceManager.java:109) - sleep 10000
2016-10-27 12:56:11,065 [main] DEBUG com.celera.backoffice.BOServiceManager.main(BOServiceManager.java:109) - sleep 10000
2016-10-27 12:56:21,067 [main] DEBUG com.celera.backoffice.BOServiceManager.main(BOServiceManager.java:109) - sleep 10000
2016-10-27 12:56:31,068 [main] DEBUG com.celera.backoffice.BOServiceManager.main(BOServiceManager.java:109) - sleep 10000
2016-10-27 12:56:41,070 [main] DEBUG com.celera.backoffice.BOServiceManager.main(BOServiceManager.java:109) - sleep 10000
2016-10-27 12:56:51,074 [main] DEBUG com.celera.backoffice.BOServiceManager.main(BOServiceManager.java:109) - sleep 10000
2016-10-27 12:57:01,076 [main] DEBUG com.celera.backoffice.BOServiceManager.main(BOServiceManager.java:109) - sleep 10000
2016-10-27 12:57:11,076 [main] DEBUG com.celera.backoffice.BOServiceManager.main(BOServiceManager.java:109) - sleep 10000
2016-10-27 12:57:21,077 [main] DEBUG com.celera.backoffice.BOServiceManager.main(BOServiceManager.java:109) - sleep 10000
2016-10-27 12:57:31,080 [main] DEBUG com.celera.backoffice.BOServiceManager.main(BOServiceManager.java:109) - sleep 10000
2016-10-27 12:57:41,081 [main] DEBUG com.celera.backoffice.BOServiceManager.main(BOServiceManager.java:109) - sleep 10000
2016-10-27 12:57:51,083 [main] DEBUG com.celera.backoffice.BOServiceManager.main(BOServiceManager.java:109) - sleep 10000
2016-10-27 12:58:01,087 [main] DEBUG com.celera.backoffice.BOServiceManager.main(BOServiceManager.java:109) - sleep 10000
2016-10-27 12:58:11,088 [main] DEBUG com.celera.backoffice.BOServiceManager.main(BOServiceManager.java:109) - sleep 10000
2016-10-27 12:58:21,088 [main] DEBUG com.celera.backoffice.BOServiceManager.main(BOServiceManager.java:109) - sleep 10000
2016-10-27 12:58:31,089 [main] DEBUG com.celera.backoffice.BOServiceManager.main(BOServiceManager.java:109) - sleep 10000
2016-10-27 12:58:41,089 [main] DEBUG com.celera.backoffice.BOServiceManager.main(BOServiceManager.java:109) - sleep 10000
2016-10-27 12:58:51,090 [main] DEBUG com.celera.backoffice.BOServiceManager.main(BOServiceManager.java:109) - sleep 10000
2016-10-27 12:59:01,092 [main] DEBUG com.celera.backoffice.BOServiceManager.main(BOServiceManager.java:109) - sleep 10000
2016-10-27 12:59:11,093 [main] DEBUG com.celera.backoffice.BOServiceManager.main(BOServiceManager.java:109) - sleep 10000
2016-10-27 12:59:21,093 [main] DEBUG com.celera.backoffice.BOServiceManager.main(BOServiceManager.java:109) - sleep 10000
2016-10-27 12:59:31,095 [main] DEBUG com.celera.backoffice.BOServiceManager.main(BOServiceManager.java:109) - sleep 10000
2016-10-27 12:59:41,095 [main] DEBUG com.celera.backoffice.BOServiceManager.main(BOServiceManager.java:109) - sleep 10000
2016-10-27 12:59:51,096 [main] DEBUG com.celera.backoffice.BOServiceManager.main(BOServiceManager.java:109) - sleep 10000
2016-10-27 13:00:01,099 [main] DEBUG com.celera.backoffice.BOServiceManager.main(BOServiceManager.java:109) - sleep 10000
2016-10-27 13:00:11,101 [main] DEBUG com.celera.backoffice.BOServiceManager.main(BOServiceManager.java:109) - sleep 10000
2016-10-27 13:00:21,102 [main] DEBUG com.celera.backoffice.BOServiceManager.main(BOServiceManager.java:109) - sleep 10000
2016-10-27 13:00:31,103 [main] DEBUG com.celera.backoffice.BOServiceManager.main(BOServiceManager.java:109) - sleep 10000
2016-10-27 13:00:41,103 [main] DEBUG com.celera.backoffice.BOServiceManager.main(BOServiceManager.java:109) - sleep 10000
2016-10-27 13:00:51,104 [main] DEBUG com.celera.backoffice.BOServiceManager.main(BOServiceManager.java:109) - sleep 10000
2016-10-27 13:01:01,106 [main] DEBUG com.celera.backoffice.BOServiceManager.main(BOServiceManager.java:109) - sleep 10000
2016-10-27 13:01:11,108 [main] DEBUG com.celera.backoffice.BOServiceManager.main(BOServiceManager.java:109) - sleep 10000
2016-10-27 13:01:21,109 [main] DEBUG com.celera.backoffice.BOServiceManager.main(BOServiceManager.java:109) - sleep 10000
2016-10-27 13:01:31,110 [main] DEBUG com.celera.backoffice.BOServiceManager.main(BOServiceManager.java:109) - sleep 10000
2016-10-27 13:01:41,110 [main] DEBUG com.celera.backoffice.BOServiceManager.main(BOServiceManager.java:109) - sleep 10000
2016-10-27 13:01:51,111 [main] DEBUG com.celera.backoffice.BOServiceManager.main(BOServiceManager.java:109) - sleep 10000
2016-10-27 13:02:01,112 [main] DEBUG com.celera.backoffice.BOServiceManager.main(BOServiceManager.java:109) - sleep 10000
2016-10-27 13:02:11,113 [main] DEBUG com.celera.backoffice.BOServiceManager.main(BOServiceManager.java:109) - sleep 10000
2016-10-27 13:02:21,114 [main] DEBUG com.celera.backoffice.BOServiceManager.main(BOServiceManager.java:109) - sleep 10000
2016-10-27 13:02:31,114 [main] DEBUG com.celera.backoffice.BOServiceManager.main(BOServiceManager.java:109) - sleep 10000
2016-10-27 13:02:41,115 [main] DEBUG com.celera.backoffice.BOServiceManager.main(BOServiceManager.java:109) - sleep 10000
2016-10-27 13:02:51,116 [main] DEBUG com.celera.backoffice.BOServiceManager.main(BOServiceManager.java:109) - sleep 10000
2016-10-27 13:03:01,116 [main] DEBUG com.celera.backoffice.BOServiceManager.main(BOServiceManager.java:109) - sleep 10000
2016-10-27 13:03:11,118 [main] DEBUG com.celera.backoffice.BOServiceManager.main(BOServiceManager.java:109) - sleep 10000
2016-10-27 13:03:21,119 [main] DEBUG com.celera.backoffice.BOServiceManager.main(BOServiceManager.java:109) - sleep 10000
2016-10-27 13:03:31,122 [main] DEBUG com.celera.backoffice.BOServiceManager.main(BOServiceManager.java:109) - sleep 10000
2016-10-27 13:03:41,126 [main] DEBUG com.celera.backoffice.BOServiceManager.main(BOServiceManager.java:109) - sleep 10000
2016-10-27 13:03:51,126 [main] DEBUG com.celera.backoffice.BOServiceManager.main(BOServiceManager.java:109) - sleep 10000
2016-10-27 13:04:01,127 [main] DEBUG com.celera.backoffice.BOServiceManager.main(BOServiceManager.java:109) - sleep 10000
2016-10-27 13:04:11,129 [main] DEBUG com.celera.backoffice.BOServiceManager.main(BOServiceManager.java:109) - sleep 10000
2016-10-27 13:04:21,134 [main] DEBUG com.celera.backoffice.BOServiceManager.main(BOServiceManager.java:109) - sleep 10000
2016-10-27 13:04:31,134 [main] DEBUG com.celera.backoffice.BOServiceManager.main(BOServiceManager.java:109) - sleep 10000
2016-10-27 13:04:41,135 [main] DEBUG com.celera.backoffice.BOServiceManager.main(BOServiceManager.java:109) - sleep 10000
2016-10-27 13:04:51,138 [main] DEBUG com.celera.backoffice.BOServiceManager.main(BOServiceManager.java:109) - sleep 10000
2016-10-27 13:05:01,138 [main] DEBUG com.celera.backoffice.BOServiceManager.main(BOServiceManager.java:109) - sleep 10000
2016-10-27 13:05:11,139 [main] DEBUG com.celera.backoffice.BOServiceManager.main(BOServiceManager.java:109) - sleep 10000
2016-10-27 13:05:21,140 [main] DEBUG com.celera.backoffice.BOServiceManager.main(BOServiceManager.java:109) - sleep 10000
2016-10-27 13:05:31,142 [main] DEBUG com.celera.backoffice.BOServiceManager.main(BOServiceManager.java:109) - sleep 10000
2016-10-27 13:05:41,144 [main] DEBUG com.celera.backoffice.BOServiceManager.main(BOServiceManager.java:109) - sleep 10000
2016-10-27 13:05:51,144 [main] DEBUG com.celera.backoffice.BOServiceManager.main(BOServiceManager.java:109) - sleep 10000
2016-10-27 13:06:01,146 [main] DEBUG com.celera.backoffice.BOServiceManager.main(BOServiceManager.java:109) - sleep 10000
2016-10-27 13:06:11,147 [main] DEBUG com.celera.backoffice.BOServiceManager.main(BOServiceManager.java:109) - sleep 10000
2016-10-27 13:06:21,148 [main] DEBUG com.celera.backoffice.BOServiceManager.main(BOServiceManager.java:109) - sleep 10000
2016-10-27 13:06:31,151 [main] DEBUG com.celera.backoffice.BOServiceManager.main(BOServiceManager.java:109) - sleep 10000
2016-10-27 13:06:41,151 [main] DEBUG com.celera.backoffice.BOServiceManager.main(BOServiceManager.java:109) - sleep 10000
2016-10-27 13:06:51,151 [main] DEBUG com.celera.backoffice.BOServiceManager.main(BOServiceManager.java:109) - sleep 10000
2016-10-27 13:07:01,152 [main] DEBUG com.celera.backoffice.BOServiceManager.main(BOServiceManager.java:109) - sleep 10000
2016-10-27 13:07:11,153 [main] DEBUG com.celera.backoffice.BOServiceManager.main(BOServiceManager.java:109) - sleep 10000
2016-10-27 13:07:21,154 [main] DEBUG com.celera.backoffice.BOServiceManager.main(BOServiceManager.java:109) - sleep 10000
2016-10-27 13:07:31,155 [main] DEBUG com.celera.backoffice.BOServiceManager.main(BOServiceManager.java:109) - sleep 10000
2016-10-27 13:07:41,156 [main] DEBUG com.celera.backoffice.BOServiceManager.main(BOServiceManager.java:109) - sleep 10000
2016-10-27 13:07:51,157 [main] DEBUG com.celera.backoffice.BOServiceManager.main(BOServiceManager.java:109) - sleep 10000
2016-10-27 13:08:01,158 [main] DEBUG com.celera.backoffice.BOServiceManager.main(BOServiceManager.java:109) - sleep 10000
2016-10-27 13:08:11,158 [main] DEBUG com.celera.backoffice.BOServiceManager.main(BOServiceManager.java:109) - sleep 10000
2016-10-27 13:08:21,159 [main] DEBUG com.celera.backoffice.BOServiceManager.main(BOServiceManager.java:109) - sleep 10000
2016-10-27 13:08:31,159 [main] DEBUG com.celera.backoffice.BOServiceManager.main(BOServiceManager.java:109) - sleep 10000
2016-10-27 13:08:41,160 [main] DEBUG com.celera.backoffice.BOServiceManager.main(BOServiceManager.java:109) - sleep 10000
2016-10-27 13:08:51,160 [main] DEBUG com.celera.backoffice.BOServiceManager.main(BOServiceManager.java:109) - sleep 10000
2016-10-27 13:09:01,161 [main] DEBUG com.celera.backoffice.BOServiceManager.main(BOServiceManager.java:109) - sleep 10000
2016-10-27 13:09:11,161 [main] DEBUG com.celera.backoffice.BOServiceManager.main(BOServiceManager.java:109) - sleep 10000
2016-10-27 13:09:21,165 [main] DEBUG com.celera.backoffice.BOServiceManager.main(BOServiceManager.java:109) - sleep 10000
2016-10-27 13:09:31,166 [main] DEBUG com.celera.backoffice.BOServiceManager.main(BOServiceManager.java:109) - sleep 10000
2016-10-27 13:09:41,167 [main] DEBUG com.celera.backoffice.BOServiceManager.main(BOServiceManager.java:109) - sleep 10000
2016-10-27 13:09:51,167 [main] DEBUG com.celera.backoffice.BOServiceManager.main(BOServiceManager.java:109) - sleep 10000
2016-10-27 13:10:01,169 [main] DEBUG com.celera.backoffice.BOServiceManager.main(BOServiceManager.java:109) - sleep 10000
2016-10-27 13:10:11,171 [main] DEBUG com.celera.backoffice.BOServiceManager.main(BOServiceManager.java:109) - sleep 10000
2016-10-27 13:10:21,172 [main] DEBUG com.celera.backoffice.BOServiceManager.main(BOServiceManager.java:109) - sleep 10000
2016-10-27 13:10:31,173 [main] DEBUG com.celera.backoffice.BOServiceManager.main(BOServiceManager.java:109) - sleep 10000
2016-10-27 13:10:41,174 [main] DEBUG com.celera.backoffice.BOServiceManager.main(BOServiceManager.java:109) - sleep 10000
2016-10-27 13:10:51,174 [main] DEBUG com.celera.backoffice.BOServiceManager.main(BOServiceManager.java:109) - sleep 10000
2016-10-27 13:11:01,175 [main] DEBUG com.celera.backoffice.BOServiceManager.main(BOServiceManager.java:109) - sleep 10000
2016-10-27 13:11:11,176 [main] DEBUG com.celera.backoffice.BOServiceManager.main(BOServiceManager.java:109) - sleep 10000
2016-10-27 13:11:21,177 [main] DEBUG com.celera.backoffice.BOServiceManager.main(BOServiceManager.java:109) - sleep 10000
2016-10-27 13:11:31,178 [main] DEBUG com.celera.backoffice.BOServiceManager.main(BOServiceManager.java:109) - sleep 10000
2016-10-27 13:11:41,178 [main] DEBUG com.celera.backoffice.BOServiceManager.main(BOServiceManager.java:109) - sleep 10000
2016-10-27 13:11:51,179 [main] DEBUG com.celera.backoffice.BOServiceManager.main(BOServiceManager.java:109) - sleep 10000
2016-10-27 13:12:01,180 [main] DEBUG com.celera.backoffice.BOServiceManager.main(BOServiceManager.java:109) - sleep 10000
2016-10-27 13:12:11,181 [main] DEBUG com.celera.backoffice.BOServiceManager.main(BOServiceManager.java:109) - sleep 10000
2016-10-27 13:12:21,183 [main] DEBUG com.celera.backoffice.BOServiceManager.main(BOServiceManager.java:109) - sleep 10000
2016-10-27 13:12:31,184 [main] DEBUG com.celera.backoffice.BOServiceManager.main(BOServiceManager.java:109) - sleep 10000
2016-10-27 13:12:41,185 [main] DEBUG com.celera.backoffice.BOServiceManager.main(BOServiceManager.java:109) - sleep 10000
2016-10-27 13:12:51,186 [main] DEBUG com.celera.backoffice.BOServiceManager.main(BOServiceManager.java:109) - sleep 10000
2016-10-27 13:13:01,186 [main] DEBUG com.celera.backoffice.BOServiceManager.main(BOServiceManager.java:109) - sleep 10000
2016-10-27 13:13:11,186 [main] DEBUG com.celera.backoffice.BOServiceManager.main(BOServiceManager.java:109) - sleep 10000
2016-10-27 13:13:21,187 [main] DEBUG com.celera.backoffice.BOServiceManager.main(BOServiceManager.java:109) - sleep 10000
2016-10-27 13:13:31,187 [main] DEBUG com.celera.backoffice.BOServiceManager.main(BOServiceManager.java:109) - sleep 10000
2016-10-27 13:13:41,188 [main] DEBUG com.celera.backoffice.BOServiceManager.main(BOServiceManager.java:109) - sleep 10000
2016-10-27 13:13:51,189 [main] DEBUG com.celera.backoffice.BOServiceManager.main(BOServiceManager.java:109) - sleep 10000
2016-10-27 13:14:01,190 [main] DEBUG com.celera.backoffice.BOServiceManager.main(BOServiceManager.java:109) - sleep 10000
2016-10-27 13:14:11,192 [main] DEBUG com.celera.backoffice.BOServiceManager.main(BOServiceManager.java:109) - sleep 10000
2016-10-27 13:14:21,197 [main] DEBUG com.celera.backoffice.BOServiceManager.main(BOServiceManager.java:109) - sleep 10000
2016-10-27 13:14:31,198 [main] DEBUG com.celera.backoffice.BOServiceManager.main(BOServiceManager.java:109) - sleep 10000
2016-10-27 13:14:41,198 [main] DEBUG com.celera.backoffice.BOServiceManager.main(BOServiceManager.java:109) - sleep 10000
2016-10-27 13:14:51,199 [main] DEBUG com.celera.backoffice.BOServiceManager.main(BOServiceManager.java:109) - sleep 10000
2016-10-27 13:15:01,200 [main] DEBUG com.celera.backoffice.BOServiceManager.main(BOServiceManager.java:109) - sleep 10000
2016-10-27 13:15:11,200 [main] DEBUG com.celera.backoffice.BOServiceManager.main(BOServiceManager.java:109) - sleep 10000
2016-10-27 13:15:21,201 [main] DEBUG com.celera.backoffice.BOServiceManager.main(BOServiceManager.java:109) - sleep 10000
2016-10-27 13:15:31,203 [main] DEBUG com.celera.backoffice.BOServiceManager.main(BOServiceManager.java:109) - sleep 10000
2016-10-27 13:15:41,204 [main] DEBUG com.celera.backoffice.BOServiceManager.main(BOServiceManager.java:109) - sleep 10000
2016-10-27 13:15:51,210 [main] DEBUG com.celera.backoffice.BOServiceManager.main(BOServiceManager.java:109) - sleep 10000
2016-10-27 13:16:01,210 [main] DEBUG com.celera.backoffice.BOServiceManager.main(BOServiceManager.java:109) - sleep 10000
2016-10-27 13:16:11,211 [main] DEBUG com.celera.backoffice.BOServiceManager.main(BOServiceManager.java:109) - sleep 10000
2016-10-27 13:16:21,212 [main] DEBUG com.celera.backoffice.BOServiceManager.main(BOServiceManager.java:109) - sleep 10000
2016-10-27 13:16:31,212 [main] DEBUG com.celera.backoffice.BOServiceManager.main(BOServiceManager.java:109) - sleep 10000
2016-10-27 13:16:41,214 [main] DEBUG com.celera.backoffice.BOServiceManager.main(BOServiceManager.java:109) - sleep 10000
2016-10-27 13:16:51,217 [main] DEBUG com.celera.backoffice.BOServiceManager.main(BOServiceManager.java:109) - sleep 10000
2016-10-27 13:17:01,218 [main] DEBUG com.celera.backoffice.BOServiceManager.main(BOServiceManager.java:109) - sleep 10000
2016-10-27 13:17:11,219 [main] DEBUG com.celera.backoffice.BOServiceManager.main(BOServiceManager.java:109) - sleep 10000
2016-10-27 13:17:21,219 [main] DEBUG com.celera.backoffice.BOServiceManager.main(BOServiceManager.java:109) - sleep 10000
2016-10-27 13:17:31,220 [main] DEBUG com.celera.backoffice.BOServiceManager.main(BOServiceManager.java:109) - sleep 10000
2016-10-27 13:17:41,221 [main] DEBUG com.celera.backoffice.BOServiceManager.main(BOServiceManager.java:109) - sleep 10000
2016-10-27 13:17:51,222 [main] DEBUG com.celera.backoffice.BOServiceManager.main(BOServiceManager.java:109) - sleep 10000
2016-10-27 13:18:01,222 [main] DEBUG com.celera.backoffice.BOServiceManager.main(BOServiceManager.java:109) - sleep 10000
2016-10-27 13:18:11,224 [main] DEBUG com.celera.backoffice.BOServiceManager.main(BOServiceManager.java:109) - sleep 10000
2016-10-27 13:18:21,225 [main] DEBUG com.celera.backoffice.BOServiceManager.main(BOServiceManager.java:109) - sleep 10000
2016-10-27 13:18:31,226 [main] DEBUG com.celera.backoffice.BOServiceManager.main(BOServiceManager.java:109) - sleep 10000
2016-10-27 13:18:41,227 [main] DEBUG com.celera.backoffice.BOServiceManager.main(BOServiceManager.java:109) - sleep 10000
2016-10-27 13:18:51,229 [main] DEBUG com.celera.backoffice.BOServiceManager.main(BOServiceManager.java:109) - sleep 10000
2016-10-27 13:19:01,230 [main] DEBUG com.celera.backoffice.BOServiceManager.main(BOServiceManager.java:109) - sleep 10000
2016-10-27 13:19:11,231 [main] DEBUG com.celera.backoffice.BOServiceManager.main(BOServiceManager.java:109) - sleep 10000
2016-10-27 13:19:21,231 [main] DEBUG com.celera.backoffice.BOServiceManager.main(BOServiceManager.java:109) - sleep 10000
2016-10-27 13:19:31,232 [main] DEBUG com.celera.backoffice.BOServiceManager.main(BOServiceManager.java:109) - sleep 10000
2016-10-27 13:19:41,233 [main] DEBUG com.celera.backoffice.BOServiceManager.main(BOServiceManager.java:109) - sleep 10000
2016-10-27 13:19:51,234 [main] DEBUG com.celera.backoffice.BOServiceManager.main(BOServiceManager.java:109) - sleep 10000
2016-10-27 13:20:01,235 [main] DEBUG com.celera.backoffice.BOServiceManager.main(BOServiceManager.java:109) - sleep 10000
2016-10-27 13:20:11,236 [main] DEBUG com.celera.backoffice.BOServiceManager.main(BOServiceManager.java:109) - sleep 10000
2016-10-27 13:20:21,236 [main] DEBUG com.celera.backoffice.BOServiceManager.main(BOServiceManager.java:109) - sleep 10000
2016-10-27 13:20:31,242 [main] DEBUG com.celera.backoffice.BOServiceManager.main(BOServiceManager.java:109) - sleep 10000
2016-10-27 13:20:41,244 [main] DEBUG com.celera.backoffice.BOServiceManager.main(BOServiceManager.java:109) - sleep 10000
2016-10-27 13:20:51,244 [main] DEBUG com.celera.backoffice.BOServiceManager.main(BOServiceManager.java:109) - sleep 10000
2016-10-27 13:21:01,245 [main] DEBUG com.celera.backoffice.BOServiceManager.main(BOServiceManager.java:109) - sleep 10000
2016-10-27 13:21:11,245 [main] DEBUG com.celera.backoffice.BOServiceManager.main(BOServiceManager.java:109) - sleep 10000
2016-10-27 13:21:21,246 [main] DEBUG com.celera.backoffice.BOServiceManager.main(BOServiceManager.java:109) - sleep 10000
2016-10-27 13:21:31,250 [main] DEBUG com.celera.backoffice.BOServiceManager.main(BOServiceManager.java:109) - sleep 10000
2016-10-27 13:21:41,251 [main] DEBUG com.celera.backoffice.BOServiceManager.main(BOServiceManager.java:109) - sleep 10000
2016-10-27 13:21:51,254 [main] DEBUG com.celera.backoffice.BOServiceManager.main(BOServiceManager.java:109) - sleep 10000
2016-10-27 13:22:01,255 [main] DEBUG com.celera.backoffice.BOServiceManager.main(BOServiceManager.java:109) - sleep 10000
2016-10-27 13:22:11,256 [main] DEBUG com.celera.backoffice.BOServiceManager.main(BOServiceManager.java:109) - sleep 10000
2016-10-27 13:22:21,257 [main] DEBUG com.celera.backoffice.BOServiceManager.main(BOServiceManager.java:109) - sleep 10000
2016-10-27 13:22:31,258 [main] DEBUG com.celera.backoffice.BOServiceManager.main(BOServiceManager.java:109) - sleep 10000
2016-10-27 13:22:41,259 [main] DEBUG com.celera.backoffice.BOServiceManager.main(BOServiceManager.java:109) - sleep 10000
2016-10-27 13:22:51,263 [main] DEBUG com.celera.backoffice.BOServiceManager.main(BOServiceManager.java:109) - sleep 10000
2016-10-27 13:23:01,263 [main] DEBUG com.celera.backoffice.BOServiceManager.main(BOServiceManager.java:109) - sleep 10000
2016-10-27 13:23:11,264 [main] DEBUG com.celera.backoffice.BOServiceManager.main(BOServiceManager.java:109) - sleep 10000
2016-10-27 13:23:21,264 [main] DEBUG com.celera.backoffice.BOServiceManager.main(BOServiceManager.java:109) - sleep 10000
2016-10-27 13:23:31,266 [main] DEBUG com.celera.backoffice.BOServiceManager.main(BOServiceManager.java:109) - sleep 10000
2016-10-27 13:23:41,267 [main] DEBUG com.celera.backoffice.BOServiceManager.main(BOServiceManager.java:109) - sleep 10000
2016-10-27 13:23:51,267 [main] DEBUG com.celera.backoffice.BOServiceManager.main(BOServiceManager.java:109) - sleep 10000
2016-10-27 13:24:01,268 [main] DEBUG com.celera.backoffice.BOServiceManager.main(BOServiceManager.java:109) - sleep 10000
2016-10-27 13:24:11,268 [main] DEBUG com.celera.backoffice.BOServiceManager.main(BOServiceManager.java:109) - sleep 10000
2016-10-27 13:24:21,269 [main] DEBUG com.celera.backoffice.BOServiceManager.main(BOServiceManager.java:109) - sleep 10000
2016-10-27 13:24:31,269 [main] DEBUG com.celera.backoffice.BOServiceManager.main(BOServiceManager.java:109) - sleep 10000
2016-10-27 13:24:41,271 [main] DEBUG com.celera.backoffice.BOServiceManager.main(BOServiceManager.java:109) - sleep 10000
2016-10-27 13:24:51,271 [main] DEBUG com.celera.backoffice.BOServiceManager.main(BOServiceManager.java:109) - sleep 10000
2016-10-27 13:25:01,273 [main] DEBUG com.celera.backoffice.BOServiceManager.main(BOServiceManager.java:109) - sleep 10000
2016-10-27 13:25:11,273 [main] DEBUG com.celera.backoffice.BOServiceManager.main(BOServiceManager.java:109) - sleep 10000
2016-10-27 13:25:21,274 [main] DEBUG com.celera.backoffice.BOServiceManager.main(BOServiceManager.java:109) - sleep 10000
2016-10-27 13:25:31,275 [main] DEBUG com.celera.backoffice.BOServiceManager.main(BOServiceManager.java:109) - sleep 10000
2016-10-27 13:25:41,275 [main] DEBUG com.celera.backoffice.BOServiceManager.main(BOServiceManager.java:109) - sleep 10000
2016-10-27 13:25:51,276 [main] DEBUG com.celera.backoffice.BOServiceManager.main(BOServiceManager.java:109) - sleep 10000
2016-10-27 13:26:01,278 [main] DEBUG com.celera.backoffice.BOServiceManager.main(BOServiceManager.java:109) - sleep 10000
2016-10-27 13:26:11,279 [main] DEBUG com.celera.backoffice.BOServiceManager.main(BOServiceManager.java:109) - sleep 10000
2016-10-27 13:26:21,279 [main] DEBUG com.celera.backoffice.BOServiceManager.main(BOServiceManager.java:109) - sleep 10000
2016-10-27 13:26:31,281 [main] DEBUG com.celera.backoffice.BOServiceManager.main(BOServiceManager.java:109) - sleep 10000
2016-10-27 13:26:41,282 [main] DEBUG com.celera.backoffice.BOServiceManager.main(BOServiceManager.java:109) - sleep 10000
2016-10-27 13:26:51,283 [main] DEBUG com.celera.backoffice.BOServiceManager.main(BOServiceManager.java:109) - sleep 10000
2016-10-27 13:27:01,283 [main] DEBUG com.celera.backoffice.BOServiceManager.main(BOServiceManager.java:109) - sleep 10000
2016-10-27 13:27:11,284 [main] DEBUG com.celera.backoffice.BOServiceManager.main(BOServiceManager.java:109) - sleep 10000
2016-10-27 13:27:21,285 [main] DEBUG com.celera.backoffice.BOServiceManager.main(BOServiceManager.java:109) - sleep 10000
2016-10-27 13:27:31,286 [main] DEBUG com.celera.backoffice.BOServiceManager.main(BOServiceManager.java:109) - sleep 10000
2016-10-27 13:27:41,286 [main] DEBUG com.celera.backoffice.BOServiceManager.main(BOServiceManager.java:109) - sleep 10000
2016-10-27 13:27:51,287 [main] DEBUG com.celera.backoffice.BOServiceManager.main(BOServiceManager.java:109) - sleep 10000
2016-10-27 13:28:01,288 [main] DEBUG com.celera.backoffice.BOServiceManager.main(BOServiceManager.java:109) - sleep 10000
2016-10-27 13:28:11,289 [main] DEBUG com.celera.backoffice.BOServiceManager.main(BOServiceManager.java:109) - sleep 10000
2016-10-27 13:28:21,293 [main] DEBUG com.celera.backoffice.BOServiceManager.main(BOServiceManager.java:109) - sleep 10000
2016-10-27 13:28:31,296 [main] DEBUG com.celera.backoffice.BOServiceManager.main(BOServiceManager.java:109) - sleep 10000
2016-10-27 13:28:41,298 [main] DEBUG com.celera.backoffice.BOServiceManager.main(BOServiceManager.java:109) - sleep 10000
2016-10-27 13:28:51,298 [main] DEBUG com.celera.backoffice.BOServiceManager.main(BOServiceManager.java:109) - sleep 10000
2016-10-27 13:29:01,299 [main] DEBUG com.celera.backoffice.BOServiceManager.main(BOServiceManager.java:109) - sleep 10000
2016-10-27 13:29:11,299 [main] DEBUG com.celera.backoffice.BOServiceManager.main(BOServiceManager.java:109) - sleep 10000
2016-10-27 13:29:21,300 [main] DEBUG com.celera.backoffice.BOServiceManager.main(BOServiceManager.java:109) - sleep 10000
2016-10-27 13:29:31,305 [main] DEBUG com.celera.backoffice.BOServiceManager.main(BOServiceManager.java:109) - sleep 10000
2016-10-27 13:29:41,306 [main] DEBUG com.celera.backoffice.BOServiceManager.main(BOServiceManager.java:109) - sleep 10000
2016-10-27 13:29:51,306 [main] DEBUG com.celera.backoffice.BOServiceManager.main(BOServiceManager.java:109) - sleep 10000
