2016-11-30 16:16:16,157 [main] INFO  com.celera.ipc.PipelineClient.connect(PipelineClient.java:62) - connect pull tcp://127.0.0.1:11051
2016-11-30 16:16:16,189 [main] INFO  com.celera.ipc.PipelineClient.connect(PipelineClient.java:63) - connect sink tcp://127.0.0.1:11052
2016-11-30 16:16:16,218 [main] DEBUG com.celera.webtrader.WTService.main(WTService.java:158) - sleep 100000
2016-11-30 16:16:16,218 [pool-1-thread-1] INFO  com.celera.ipc.PipelineClient.run(PipelineClient.java:74) - start
2016-11-30 16:16:16,299 [pool-1-thread-1] DEBUG com.celera.webtrader.WTService.onTask(WTService.java:90) - TOTR1,{"tradeReports":[{"ul":"HSCEI","type":"Put","strike":"","month":"Nov","year":"2016","price":"","qty":"","cond":"T2","side":"Cross","buyer":"HKCEL","seller":"HKCEL"},{"ul":"HSCEI","type":"Put","strike":"","month":"Nov","year":"2016","price":"","qty":"","cond":"T2","side":"Cross","buyer":"HKCEL","seller":"HKCEL"},{"ul":"HSCEI","type":"Put","strike":"","month":"Nov","year":"2016","price":"","qty":"","cond":"T2","side":"Cross","buyer":"HKCEL","seller":"HKCEL"}]}
2016-11-30 16:16:16,321 [pool-1-thread-1] DEBUG com.celera.webtrader.WTService.onTask(WTService.java:90) - TOTR2,{"tradeReports":[{"ul":"HSCEI","type":"Put","strike":"","month":"Nov","year":"2016","price":"","qty":"","cond":"T2","side":"Cross","buyer":"HKCEL","seller":"HKCEL"},{"ul":"HSCEI","type":"Put","strike":"","month":"Nov","year":"2016","price":"","qty":"","cond":"T2","side":"Cross","buyer":"HKCEL","seller":"HKCEL"},{"ul":"HSCEI","type":"Put","strike":"","month":"Nov","year":"2016","price":"","qty":"","cond":"T2","side":"Cross","buyer":"HKCEL","seller":"HKCEL"}]}
2016-11-30 16:17:56,218 [main] DEBUG com.celera.webtrader.WTService.main(WTService.java:158) - sleep 100000
2016-11-30 16:19:36,219 [main] DEBUG com.celera.webtrader.WTService.main(WTService.java:158) - sleep 100000
2016-11-30 16:21:16,221 [main] DEBUG com.celera.webtrader.WTService.main(WTService.java:158) - sleep 100000
2016-11-30 16:22:56,221 [main] DEBUG com.celera.webtrader.WTService.main(WTService.java:158) - sleep 100000
2016-11-30 16:24:36,227 [main] DEBUG com.celera.webtrader.WTService.main(WTService.java:158) - sleep 100000
2016-11-30 16:26:16,244 [main] DEBUG com.celera.webtrader.WTService.main(WTService.java:158) - sleep 100000
2016-11-30 16:27:56,265 [main] DEBUG com.celera.webtrader.WTService.main(WTService.java:158) - sleep 100000
2016-11-30 16:29:36,273 [main] DEBUG com.celera.webtrader.WTService.main(WTService.java:158) - sleep 100000
2016-11-30 16:31:16,299 [main] DEBUG com.celera.webtrader.WTService.main(WTService.java:158) - sleep 100000
2016-11-30 16:32:56,436 [main] DEBUG com.celera.webtrader.WTService.main(WTService.java:158) - sleep 100000
2016-11-30 16:34:36,455 [main] DEBUG com.celera.webtrader.WTService.main(WTService.java:158) - sleep 100000
2016-11-30 16:36:16,457 [main] DEBUG com.celera.webtrader.WTService.main(WTService.java:158) - sleep 100000
2016-11-30 16:37:56,457 [main] DEBUG com.celera.webtrader.WTService.main(WTService.java:158) - sleep 100000
2016-11-30 16:39:36,457 [main] DEBUG com.celera.webtrader.WTService.main(WTService.java:158) - sleep 100000
2016-11-30 16:41:16,458 [main] DEBUG com.celera.webtrader.WTService.main(WTService.java:158) - sleep 100000
2016-11-30 16:42:56,459 [main] DEBUG com.celera.webtrader.WTService.main(WTService.java:158) - sleep 100000
2016-11-30 16:44:36,460 [main] DEBUG com.celera.webtrader.WTService.main(WTService.java:158) - sleep 100000
2016-11-30 16:46:16,461 [main] DEBUG com.celera.webtrader.WTService.main(WTService.java:158) - sleep 100000
2016-11-30 16:47:56,462 [main] DEBUG com.celera.webtrader.WTService.main(WTService.java:158) - sleep 100000
2016-11-30 16:49:36,462 [main] DEBUG com.celera.webtrader.WTService.main(WTService.java:158) - sleep 100000
2016-11-30 16:51:16,463 [main] DEBUG com.celera.webtrader.WTService.main(WTService.java:158) - sleep 100000
2016-11-30 16:52:56,464 [main] DEBUG com.celera.webtrader.WTService.main(WTService.java:158) - sleep 100000
2016-11-30 16:54:36,468 [main] DEBUG com.celera.webtrader.WTService.main(WTService.java:158) - sleep 100000
2016-11-30 16:56:16,469 [main] DEBUG com.celera.webtrader.WTService.main(WTService.java:158) - sleep 100000
2016-11-30 16:57:56,469 [main] DEBUG com.celera.webtrader.WTService.main(WTService.java:158) - sleep 100000
2016-11-30 16:59:36,470 [main] DEBUG com.celera.webtrader.WTService.main(WTService.java:158) - sleep 100000
2016-11-30 17:01:16,471 [main] DEBUG com.celera.webtrader.WTService.main(WTService.java:158) - sleep 100000
2016-11-30 17:02:56,473 [main] DEBUG com.celera.webtrader.WTService.main(WTService.java:158) - sleep 100000
2016-11-30 17:04:36,474 [main] DEBUG com.celera.webtrader.WTService.main(WTService.java:158) - sleep 100000
2016-11-30 17:06:16,476 [main] DEBUG com.celera.webtrader.WTService.main(WTService.java:158) - sleep 100000
2016-11-30 17:07:56,478 [main] DEBUG com.celera.webtrader.WTService.main(WTService.java:158) - sleep 100000
2016-11-30 17:09:36,479 [main] DEBUG com.celera.webtrader.WTService.main(WTService.java:158) - sleep 100000
