2016-12-23 15:44:27,678 [main] INFO  com.celera.ipc.PipelineSinkCollector.bind(PipelineSinkCollector.java:52) - bind sink tcp://127.0.0.1:20011
2016-12-23 15:44:27,682 [main] INFO  com.celera.ipc.PipelineServer.bind(PipelineServer.java:58) - bind push tcp://127.0.0.1:20010
2016-12-23 15:44:30,815 [main] INFO  com.celera.ipc.PipelineServer.send(PipelineServer.java:69) - send
2016-12-23 15:44:32,890 [pool-1-thread-1] INFO  com.celera.message.cmmf.CmmfParser.parseCmmfOgAdminResponse(CmmfParser.java:98) - sender[O], type[R], cmd[H] action[LOGIN] result[1]
2016-12-23 15:44:32,892 [main] INFO  com.celera.ipc.PipelineServer.send(PipelineServer.java:69) - send
2016-12-23 15:45:25,268 [pool-1-thread-1] INFO  com.celera.message.cmmf.CmmfParser.parseCmmfOgAdminResponse(CmmfParser.java:98) - sender[O], type[R], cmd[H] action[SOD] result[1]
2016-12-23 15:45:25,269 [main] INFO  com.celera.ipc.PipelineServer.send(PipelineServer.java:69) - send
2016-12-23 15:45:25,336 [pool-1-thread-1] INFO  com.celera.message.cmmf.CmmfParser.parseCmmfOgAdminResponse(CmmfParser.java:98) - sender[O], type[R], cmd[H] action[SUBSCRIBE_MARKET_DATA] result[1]
2016-12-23 15:47:03,325 [main] INFO  com.celera.ipc.PipelineServer.send(PipelineServer.java:69) - send
2016-12-23 15:47:17,539 [main] INFO  com.celera.ipc.PipelineServer.send(PipelineServer.java:69) - send
2016-12-23 15:48:06,505 [main] INFO  com.celera.ipc.PipelineServer.send(PipelineServer.java:69) - send
2016-12-23 15:48:08,583 [pool-1-thread-1] INFO  com.celera.message.cmmf.CmmfParser.parseCmmfOgAdminResponse(CmmfParser.java:98) - sender[O], type[R], cmd[H] action[LOGIN] result[1]
2016-12-23 15:48:08,583 [main] INFO  com.celera.ipc.PipelineServer.send(PipelineServer.java:69) - send
2016-12-23 15:49:01,003 [pool-1-thread-1] INFO  com.celera.message.cmmf.CmmfParser.parseCmmfOgAdminResponse(CmmfParser.java:98) - sender[O], type[R], cmd[H] action[SOD] result[1]
2016-12-23 15:49:01,003 [main] INFO  com.celera.ipc.PipelineServer.send(PipelineServer.java:69) - send
2016-12-23 15:49:01,069 [pool-1-thread-1] INFO  com.celera.message.cmmf.CmmfParser.parseCmmfOgAdminResponse(CmmfParser.java:98) - sender[O], type[R], cmd[H] action[SUBSCRIBE_MARKET_DATA] result[1]
2016-12-23 15:49:14,053 [main] INFO  com.celera.ipc.PipelineServer.send(PipelineServer.java:69) - send
2016-12-23 15:49:28,938 [main] INFO  com.celera.ipc.PipelineServer.send(PipelineServer.java:69) - send
2016-12-23 15:58:56,594 [main] INFO  com.celera.ipc.PipelineServer.send(PipelineServer.java:69) - send
2016-12-23 15:58:58,673 [pool-1-thread-1] INFO  com.celera.message.cmmf.CmmfParser.parseCmmfOgAdminResponse(CmmfParser.java:98) - sender[O], type[R], cmd[H] action[LOGIN] result[1]
2016-12-23 15:58:58,673 [main] INFO  com.celera.ipc.PipelineServer.send(PipelineServer.java:69) - send
2016-12-23 15:59:51,349 [pool-1-thread-1] INFO  com.celera.message.cmmf.CmmfParser.parseCmmfOgAdminResponse(CmmfParser.java:98) - sender[O], type[R], cmd[H] action[SOD] result[1]
2016-12-23 15:59:51,350 [main] INFO  com.celera.ipc.PipelineServer.send(PipelineServer.java:69) - send
2016-12-23 15:59:51,405 [pool-1-thread-1] INFO  com.celera.message.cmmf.CmmfParser.parseCmmfOgAdminResponse(CmmfParser.java:98) - sender[O], type[R], cmd[H] action[SUBSCRIBE_MARKET_DATA] result[1]
2016-12-23 16:01:22,467 [main] INFO  com.celera.ipc.PipelineServer.send(PipelineServer.java:69) - send
2016-12-23 16:01:31,483 [main] INFO  com.celera.ipc.PipelineServer.send(PipelineServer.java:69) - send
2016-12-23 16:09:33,064 [main] INFO  com.celera.ipc.PipelineServer.send(PipelineServer.java:69) - send
2016-12-23 16:09:35,154 [pool-1-thread-1] INFO  com.celera.message.cmmf.CmmfParser.parseCmmfOgAdminResponse(CmmfParser.java:98) - sender[O], type[R], cmd[H] action[LOGIN] result[1]
2016-12-23 16:09:35,155 [main] INFO  com.celera.ipc.PipelineServer.send(PipelineServer.java:69) - send
2016-12-23 16:10:27,587 [pool-1-thread-1] INFO  com.celera.message.cmmf.CmmfParser.parseCmmfOgAdminResponse(CmmfParser.java:98) - sender[O], type[R], cmd[H] action[SOD] result[1]
2016-12-23 16:10:27,587 [main] INFO  com.celera.ipc.PipelineServer.send(PipelineServer.java:69) - send
2016-12-23 16:10:27,640 [pool-1-thread-1] INFO  com.celera.message.cmmf.CmmfParser.parseCmmfOgAdminResponse(CmmfParser.java:98) - sender[O], type[R], cmd[H] action[SUBSCRIBE_MARKET_DATA] result[1]
2016-12-23 16:11:03,863 [main] INFO  com.celera.ipc.PipelineServer.send(PipelineServer.java:69) - send
2016-12-23 16:11:10,809 [main] INFO  com.celera.ipc.PipelineServer.send(PipelineServer.java:69) - send
2016-12-23 16:18:19,190 [main] INFO  com.celera.ipc.PipelineServer.send(PipelineServer.java:69) - send
2016-12-23 16:18:21,286 [pool-1-thread-1] INFO  com.celera.message.cmmf.CmmfParser.parseCmmfOgAdminResponse(CmmfParser.java:98) - sender[O], type[R], cmd[H] action[LOGIN] result[1]
2016-12-23 16:18:21,286 [main] INFO  com.celera.ipc.PipelineServer.send(PipelineServer.java:69) - send
2016-12-23 16:19:13,659 [pool-1-thread-1] INFO  com.celera.message.cmmf.CmmfParser.parseCmmfOgAdminResponse(CmmfParser.java:98) - sender[O], type[R], cmd[H] action[SOD] result[1]
2016-12-23 16:19:13,659 [main] INFO  com.celera.ipc.PipelineServer.send(PipelineServer.java:69) - send
2016-12-23 16:19:13,718 [pool-1-thread-1] INFO  com.celera.message.cmmf.CmmfParser.parseCmmfOgAdminResponse(CmmfParser.java:98) - sender[O], type[R], cmd[H] action[SUBSCRIBE_MARKET_DATA] result[1]
2016-12-23 16:19:34,144 [main] INFO  com.celera.ipc.PipelineServer.send(PipelineServer.java:69) - send
2016-12-23 16:19:47,703 [main] INFO  com.celera.ipc.PipelineServer.send(PipelineServer.java:69) - send
2016-12-23 16:22:29,886 [main] INFO  com.celera.ipc.PipelineServer.send(PipelineServer.java:69) - send
2016-12-23 16:22:31,958 [pool-1-thread-1] INFO  com.celera.message.cmmf.CmmfParser.parseCmmfOgAdminResponse(CmmfParser.java:98) - sender[O], type[R], cmd[H] action[LOGIN] result[1]
2016-12-23 16:22:31,959 [main] INFO  com.celera.ipc.PipelineServer.send(PipelineServer.java:69) - send
2016-12-23 16:23:24,390 [pool-1-thread-1] INFO  com.celera.message.cmmf.CmmfParser.parseCmmfOgAdminResponse(CmmfParser.java:98) - sender[O], type[R], cmd[H] action[SOD] result[1]
2016-12-23 16:23:24,390 [main] INFO  com.celera.ipc.PipelineServer.send(PipelineServer.java:69) - send
2016-12-23 16:23:24,453 [pool-1-thread-1] INFO  com.celera.message.cmmf.CmmfParser.parseCmmfOgAdminResponse(CmmfParser.java:98) - sender[O], type[R], cmd[H] action[SUBSCRIBE_MARKET_DATA] result[1]
2016-12-23 16:23:42,830 [main] INFO  com.celera.ipc.PipelineServer.send(PipelineServer.java:69) - send
2016-12-23 16:26:48,693 [main] INFO  com.celera.ipc.PipelineServer.send(PipelineServer.java:69) - send
2016-12-23 16:27:56,533 [main] INFO  com.celera.ipc.PipelineServer.send(PipelineServer.java:69) - send
2016-12-23 16:27:58,606 [pool-1-thread-1] INFO  com.celera.message.cmmf.CmmfParser.parseCmmfOgAdminResponse(CmmfParser.java:98) - sender[O], type[R], cmd[H] action[LOGIN] result[1]
2016-12-23 16:27:58,607 [main] INFO  com.celera.ipc.PipelineServer.send(PipelineServer.java:69) - send
2016-12-23 16:28:50,979 [pool-1-thread-1] INFO  com.celera.message.cmmf.CmmfParser.parseCmmfOgAdminResponse(CmmfParser.java:98) - sender[O], type[R], cmd[H] action[SOD] result[1]
2016-12-23 16:28:50,979 [main] INFO  com.celera.ipc.PipelineServer.send(PipelineServer.java:69) - send
2016-12-23 16:28:51,037 [pool-1-thread-1] INFO  com.celera.message.cmmf.CmmfParser.parseCmmfOgAdminResponse(CmmfParser.java:98) - sender[O], type[R], cmd[H] action[SUBSCRIBE_MARKET_DATA] result[1]
2016-12-23 16:29:26,166 [main] INFO  com.celera.ipc.PipelineServer.send(PipelineServer.java:69) - send
2016-12-23 16:29:32,160 [main] INFO  com.celera.ipc.PipelineServer.send(PipelineServer.java:69) - send
2016-12-23 16:33:48,635 [main] INFO  com.celera.ipc.PipelineServer.send(PipelineServer.java:69) - send
2016-12-23 16:33:50,712 [pool-1-thread-1] INFO  com.celera.message.cmmf.CmmfParser.parseCmmfOgAdminResponse(CmmfParser.java:98) - sender[O], type[R], cmd[H] action[LOGIN] result[1]
2016-12-23 16:33:50,712 [main] INFO  com.celera.ipc.PipelineServer.send(PipelineServer.java:69) - send
2016-12-23 16:34:43,053 [pool-1-thread-1] INFO  com.celera.message.cmmf.CmmfParser.parseCmmfOgAdminResponse(CmmfParser.java:98) - sender[O], type[R], cmd[H] action[SOD] result[1]
2016-12-23 16:34:43,054 [main] INFO  com.celera.ipc.PipelineServer.send(PipelineServer.java:69) - send
2016-12-23 16:34:43,108 [pool-1-thread-1] INFO  com.celera.message.cmmf.CmmfParser.parseCmmfOgAdminResponse(CmmfParser.java:98) - sender[O], type[R], cmd[H] action[SUBSCRIBE_MARKET_DATA] result[1]
2016-12-23 16:35:15,099 [main] INFO  com.celera.ipc.PipelineServer.send(PipelineServer.java:69) - send
2016-12-23 16:35:20,690 [main] INFO  com.celera.ipc.PipelineServer.send(PipelineServer.java:69) - send
